TN:
SF:src\controllers\authController.ts
FN:24,(anonymous_8)
FN:24,(anonymous_9)
FN:36,(anonymous_10)
FN:39,(anonymous_11)
FN:99,(anonymous_12)
FN:123,(anonymous_13)
FN:123,(anonymous_14)
FN:154,(anonymous_15)
FN:157,(anonymous_16)
FNF:9
FNH:6
FNDA:0,(anonymous_8)
FNDA:0,(anonymous_9)
FNDA:2,(anonymous_10)
FNDA:2,(anonymous_11)
FNDA:0,(anonymous_12)
FNDA:2,(anonymous_13)
FNDA:2,(anonymous_14)
FNDA:3,(anonymous_15)
FNDA:3,(anonymous_16)
DA:2,1
DA:3,1
DA:4,1
DA:5,1
DA:6,1
DA:7,1
DA:8,1
DA:9,1
DA:11,1
DA:12,1
DA:14,1
DA:20,1
DA:24,1
DA:25,0
DA:26,0
DA:27,0
DA:29,0
DA:32,0
DA:36,1
DA:39,2
DA:40,2
DA:42,2
DA:43,2
DA:45,1
DA:46,1
DA:49,1
DA:52,0
DA:53,0
DA:55,0
DA:63,0
DA:65,0
DA:66,0
DA:68,0
DA:80,0
DA:99,0
DA:100,0
DA:102,0
DA:104,0
DA:116,1
DA:123,2
DA:124,2
DA:126,2
DA:127,2
DA:129,2
DA:130,0
DA:133,2
DA:134,2
DA:135,1
DA:139,1
DA:140,1
DA:142,1
DA:148,0
DA:154,1
DA:157,3
DA:158,3
DA:160,3
DA:161,3
DA:163,2
DA:164,1
DA:165,1
DA:168,1
DA:169,1
DA:170,1
DA:172,1
DA:179,1
LF:65
LH:46
BRDA:12,0,0,1
BRDA:12,0,1,0
BRDA:27,1,0,0
BRDA:45,2,0,1
BRDA:100,3,0,0
BRDA:100,3,1,0
BRDA:129,4,0,0
BRDA:134,5,0,1
BRDA:163,6,0,1
BRF:9
BRH:4
end_of_record
TN:
SF:src\controllers\categoryController.ts
FN:6,(anonymous_8)
FN:6,(anonymous_9)
FN:20,(anonymous_10)
FN:20,(anonymous_11)
FN:40,(anonymous_12)
FN:40,(anonymous_13)
FN:56,(anonymous_14)
FN:56,(anonymous_15)
FN:81,(anonymous_16)
FN:81,(anonymous_17)
FNF:10
FNH:10
FNDA:1,(anonymous_8)
FNDA:1,(anonymous_9)
FNDA:1,(anonymous_10)
FNDA:1,(anonymous_11)
FNDA:1,(anonymous_12)
FNDA:1,(anonymous_13)
FNDA:1,(anonymous_14)
FNDA:1,(anonymous_15)
FNDA:1,(anonymous_16)
FNDA:1,(anonymous_17)
DA:2,1
DA:3,1
DA:6,1
DA:7,1
DA:8,1
DA:9,1
DA:13,0
DA:20,1
DA:21,1
DA:22,1
DA:23,1
DA:24,1
DA:25,0
DA:29,1
DA:33,0
DA:40,1
DA:41,1
DA:42,1
DA:43,1
DA:44,1
DA:45,1
DA:49,0
DA:56,1
DA:57,1
DA:58,1
DA:59,1
DA:60,1
DA:65,1
DA:66,0
DA:70,1
DA:74,0
DA:81,1
DA:82,1
DA:83,1
DA:84,1
DA:85,1
DA:86,0
DA:90,1
DA:92,0
LF:39
LH:31
BRDA:24,0,0,0
BRDA:65,1,0,0
BRDA:85,2,0,0
BRF:3
BRH:0
end_of_record
TN:
SF:src\controllers\dashboardController.ts
FN:8,(anonymous_8)
FN:8,(anonymous_9)
FN:35,(anonymous_10)
FN:35,(anonymous_11)
FNF:4
FNH:4
FNDA:2,(anonymous_8)
FNDA:2,(anonymous_9)
FNDA:2,(anonymous_10)
FNDA:2,(anonymous_11)
DA:2,1
DA:3,1
DA:4,1
DA:5,1
DA:8,2
DA:9,2
DA:11,2
DA:17,1
DA:23,1
DA:29,1
DA:35,2
DA:36,2
DA:47,2
DA:50,2
DA:51,2
DA:54,2
DA:56,2
DA:57,0
DA:60,2
DA:61,0
DA:62,0
DA:63,0
DA:66,2
DA:67,0
DA:71,2
DA:74,2
DA:77,2
DA:78,2
DA:83,2
DA:149,2
DA:152,2
DA:164,2
DA:165,1
DA:173,1
DA:179,0
DA:180,0
LF:36
LH:29
BRDA:42,0,0,2
BRDA:43,1,0,2
BRDA:44,2,0,0
BRDA:45,3,0,0
BRDA:56,4,0,0
BRDA:60,5,0,0
BRDA:60,6,0,2
BRDA:60,6,1,2
BRDA:62,7,0,0
BRDA:63,8,0,0
BRDA:66,9,0,0
BRDA:77,10,0,2
BRDA:77,10,1,0
BRDA:164,11,0,1
BRDA:164,12,0,2
BRDA:164,12,1,2
BRF:16
BRH:8
end_of_record
TN:
SF:src\controllers\eventController.ts
FN:9,(anonymous_8)
FN:9,(anonymous_9)
FN:104,(anonymous_10)
FN:104,(anonymous_11)
FN:119,(anonymous_12)
FN:119,(anonymous_13)
FN:138,(anonymous_14)
FN:138,(anonymous_15)
FN:187,(anonymous_16)
FN:187,(anonymous_17)
FN:206,(anonymous_18)
FN:206,(anonymous_19)
FN:255,(anonymous_20)
FN:255,(anonymous_21)
FN:262,(anonymous_22)
FN:262,(anonymous_23)
FN:298,(anonymous_24)
FN:298,(anonymous_25)
FN:372,(anonymous_26)
FN:372,(anonymous_27)
FN:459,(anonymous_28)
FN:459,(anonymous_29)
FNF:22
FNH:18
FNDA:2,(anonymous_8)
FNDA:2,(anonymous_9)
FNDA:1,(anonymous_10)
FNDA:1,(anonymous_11)
FNDA:1,(anonymous_12)
FNDA:1,(anonymous_13)
FNDA:0,(anonymous_14)
FNDA:0,(anonymous_15)
FNDA:0,(anonymous_16)
FNDA:0,(anonymous_17)
FNDA:1,(anonymous_18)
FNDA:1,(anonymous_19)
FNDA:1,(anonymous_20)
FNDA:1,(anonymous_21)
FNDA:1,(anonymous_22)
FNDA:1,(anonymous_23)
FNDA:1,(anonymous_24)
FNDA:1,(anonymous_25)
FNDA:1,(anonymous_26)
FNDA:1,(anonymous_27)
FNDA:1,(anonymous_28)
FNDA:1,(anonymous_29)
DA:2,1
DA:3,1
DA:4,1
DA:5,1
DA:7,1
DA:9,2
DA:10,2
DA:11,2
DA:13,2
DA:14,1
DA:19,1
DA:20,1
DA:21,0
DA:42,1
DA:44,1
DA:69,1
DA:72,1
DA:73,1
DA:89,1
DA:92,1
DA:97,0
DA:98,0
DA:104,1
DA:105,1
DA:106,1
DA:109,1
DA:113,0
DA:119,1
DA:120,1
DA:121,1
DA:125,1
DA:126,0
DA:130,1
DA:134,0
DA:138,1
DA:139,0
DA:151,0
DA:152,0
DA:154,0
DA:155,0
DA:156,0
DA:161,0
DA:162,0
DA:163,0
DA:164,0
DA:165,0
DA:166,0
DA:167,0
DA:168,0
DA:169,0
DA:170,0
DA:171,0
DA:172,0
DA:175,0
DA:176,0
DA:180,0
DA:181,0
DA:187,1
DA:188,0
DA:189,0
DA:190,0
DA:191,0
DA:195,0
DA:199,0
DA:206,1
DA:207,1
DA:208,1
DA:209,1
DA:212,1
DA:215,1
DA:223,1
DA:225,1
DA:236,1
DA:242,0
DA:255,1
DA:256,1
DA:257,1
DA:261,1
DA:262,1
DA:263,1
DA:268,1
DA:272,1
DA:285,1
DA:291,0
DA:298,1
DA:299,1
DA:300,1
DA:302,1
DA:306,1
DA:307,0
DA:314,1
DA:325,1
DA:329,1
DA:346,1
DA:358,0
DA:359,0
DA:372,1
DA:373,1
DA:374,1
DA:386,1
DA:389,1
DA:393,1
DA:394,0
DA:398,1
DA:399,0
DA:400,0
DA:401,0
DA:405,1
DA:406,0
DA:410,1
DA:413,1
DA:416,1
DA:417,1
DA:422,1
DA:432,1
DA:433,1
DA:444,1
DA:450,0
DA:459,1
DA:460,1
DA:461,1
DA:463,1
DA:467,1
DA:468,0
DA:474,1
DA:478,1
DA:481,1
DA:485,1
DA:488,1
DA:490,1
DA:500,0
LF:131
LH:84
BRDA:13,0,0,1
BRDA:20,1,0,0
BRDA:72,2,0,1
BRDA:72,2,1,0
BRDA:125,3,0,0
BRDA:152,4,0,0
BRDA:152,4,1,0
BRDA:152,5,0,0
BRDA:152,5,1,0
BRDA:155,6,0,0
BRDA:171,7,0,0
BRDA:190,8,0,0
BRDA:208,9,0,0
BRDA:208,10,0,0
BRDA:278,11,0,1
BRDA:278,11,1,0
BRDA:278,12,0,0
BRDA:278,12,1,1
BRDA:278,13,0,1
BRDA:278,13,1,1
BRDA:279,14,0,1
BRDA:279,14,1,0
BRDA:279,15,0,0
BRDA:279,15,1,1
BRDA:279,16,0,1
BRDA:279,16,1,1
BRDA:306,17,0,0
BRDA:339,18,0,1
BRDA:339,18,1,0
BRDA:339,19,0,0
BRDA:339,19,1,1
BRDA:339,20,0,1
BRDA:339,20,1,1
BRDA:340,21,0,1
BRDA:340,21,1,0
BRDA:340,22,0,0
BRDA:340,22,1,1
BRDA:340,23,0,1
BRDA:340,23,1,1
BRDA:341,24,0,1
BRDA:341,24,1,0
BRDA:341,25,0,0
BRDA:341,25,1,1
BRDA:341,26,0,1
BRDA:341,26,1,1
BRDA:342,27,0,1
BRDA:342,27,1,0
BRDA:342,28,0,0
BRDA:342,28,1,1
BRDA:342,29,0,1
BRDA:342,29,1,1
BRDA:381,30,0,0
BRDA:382,31,0,0
BRDA:383,32,0,0
BRDA:384,33,0,0
BRDA:393,34,0,0
BRDA:398,35,0,0
BRDA:398,36,0,1
BRDA:398,36,1,1
BRDA:400,37,0,0
BRDA:401,38,0,0
BRDA:405,39,0,0
BRDA:416,40,0,1
BRDA:416,40,1,0
BRDA:467,41,0,0
BRDA:478,42,0,1
BRDA:478,42,1,0
BRDA:478,43,0,0
BRDA:478,43,1,1
BRDA:478,44,0,1
BRDA:478,44,1,1
BRDA:485,45,0,1
BRDA:485,45,1,0
BRDA:485,46,0,0
BRDA:485,46,1,1
BRDA:485,47,0,1
BRDA:485,47,1,1
BRF:77
BRH:37
end_of_record
TN:
SF:src\controllers\loginOrganizer.ts
FN:9,(anonymous_8)
FN:9,(anonymous_9)
FNF:2
FNH:2
FNDA:4,(anonymous_8)
FNDA:4,(anonymous_9)
DA:2,1
DA:3,1
DA:4,1
DA:5,1
DA:7,1
DA:9,4
DA:10,4
DA:13,4
DA:15,4
DA:17,3
DA:18,1
DA:21,2
DA:22,2
DA:23,1
DA:26,1
DA:28,1
DA:29,1
DA:31,1
DA:33,1
LF:19
LH:19
BRDA:7,0,0,1
BRDA:7,0,1,1
BRDA:17,1,0,1
BRDA:22,2,0,1
BRF:4
BRH:4
end_of_record
TN:
SF:src\controllers\organizerController.ts
FN:11,(anonymous_8)
FN:11,(anonymous_9)
FN:32,(anonymous_10)
FN:32,(anonymous_11)
FN:43,(anonymous_12)
FN:43,(anonymous_13)
FN:66,(anonymous_14)
FN:66,(anonymous_15)
FN:88,(anonymous_16)
FN:91,(anonymous_17)
FN:102,(anonymous_18)
FN:102,(anonymous_19)
FN:138,(anonymous_20)
FN:138,(anonymous_21)
FN:180,(anonymous_22)
FN:180,(anonymous_23)
FN:211,(anonymous_24)
FN:211,(anonymous_25)
FN:249,(anonymous_26)
FN:249,(anonymous_27)
FN:281,(anonymous_28)
FN:281,(anonymous_29)
FN:298,(anonymous_30)
FN:298,(anonymous_31)
FN:386,(anonymous_32)
FN:386,(anonymous_33)
FN:407,(anonymous_34)
FNF:27
FNH:23
FNDA:2,(anonymous_8)
FNDA:2,(anonymous_9)
FNDA:2,(anonymous_10)
FNDA:2,(anonymous_11)
FNDA:3,(anonymous_12)
FNDA:3,(anonymous_13)
FNDA:2,(anonymous_14)
FNDA:2,(anonymous_15)
FNDA:1,(anonymous_16)
FNDA:1,(anonymous_17)
FNDA:0,(anonymous_18)
FNDA:0,(anonymous_19)
FNDA:2,(anonymous_20)
FNDA:2,(anonymous_21)
FNDA:3,(anonymous_22)
FNDA:3,(anonymous_23)
FNDA:2,(anonymous_24)
FNDA:2,(anonymous_25)
FNDA:2,(anonymous_26)
FNDA:2,(anonymous_27)
FNDA:2,(anonymous_28)
FNDA:2,(anonymous_29)
FNDA:0,(anonymous_30)
FNDA:0,(anonymous_31)
FNDA:2,(anonymous_32)
FNDA:2,(anonymous_33)
FNDA:2,(anonymous_34)
DA:2,1
DA:3,1
DA:4,1
DA:5,1
DA:6,1
DA:8,1
DA:11,2
DA:12,2
DA:13,2
DA:14,1
DA:25,1
DA:32,2
DA:33,2
DA:34,2
DA:36,1
DA:38,1
DA:43,3
DA:44,3
DA:47,3
DA:48,3
DA:49,2
DA:50,1
DA:54,1
DA:60,1
DA:66,2
DA:67,2
DA:68,2
DA:70,2
DA:71,2
DA:72,1
DA:76,1
DA:82,0
DA:88,1
DA:91,1
DA:92,1
DA:93,1
DA:96,1
DA:101,0
DA:102,0
DA:103,0
DA:108,0
DA:112,0
DA:125,0
DA:131,1
DA:138,2
DA:147,2
DA:148,2
DA:149,2
DA:150,2
DA:151,1
DA:155,1
DA:157,1
DA:166,1
DA:167,1
DA:173,0
DA:180,3
DA:181,3
DA:182,3
DA:183,3
DA:184,3
DA:189,2
DA:190,1
DA:194,1
DA:205,1
DA:211,2
DA:212,2
DA:213,2
DA:214,2
DA:216,2
DA:218,2
DA:219,0
DA:224,2
DA:225,2
DA:226,1
DA:231,1
DA:232,0
DA:237,1
DA:238,1
DA:239,1
DA:240,1
DA:243,0
DA:249,2
DA:250,2
DA:251,2
DA:252,2
DA:253,2
DA:258,2
DA:259,1
DA:263,1
DA:274,0
DA:281,2
DA:282,2
DA:283,2
DA:284,2
DA:285,2
DA:286,1
DA:290,1
DA:292,0
DA:298,1
DA:299,0
DA:300,0
DA:312,0
DA:315,0
DA:319,0
DA:320,0
DA:324,0
DA:325,0
DA:326,0
DA:327,0
DA:331,0
DA:332,0
DA:336,0
DA:339,0
DA:342,0
DA:343,0
DA:348,0
DA:356,0
DA:358,0
DA:360,0
DA:371,0
DA:377,0
DA:386,2
DA:387,2
DA:388,2
DA:390,2
DA:392,2
DA:393,1
DA:404,1
DA:407,2
DA:421,1
DA:427,1
DA:435,0
LF:132
LH:96
BRDA:49,0,0,1
BRDA:71,1,0,1
BRDA:118,2,0,0
BRDA:118,2,1,0
BRDA:118,3,0,0
BRDA:118,3,1,0
BRDA:118,4,0,0
BRDA:118,4,1,0
BRDA:119,5,0,0
BRDA:119,5,1,0
BRDA:119,6,0,0
BRDA:119,6,1,0
BRDA:119,7,0,0
BRDA:119,7,1,0
BRDA:150,8,0,1
BRDA:189,9,0,1
BRDA:218,10,0,0
BRDA:225,11,0,1
BRDA:231,12,0,0
BRDA:258,13,0,1
BRDA:285,14,0,1
BRDA:307,15,0,0
BRDA:308,16,0,0
BRDA:309,17,0,0
BRDA:310,18,0,0
BRDA:319,19,0,0
BRDA:324,20,0,0
BRDA:324,21,0,0
BRDA:324,21,1,0
BRDA:326,22,0,0
BRDA:327,23,0,0
BRDA:331,24,0,0
BRDA:342,25,0,0
BRDA:342,25,1,0
BRDA:392,26,0,1
BRDA:392,27,0,2
BRDA:392,27,1,2
BRDA:421,28,0,1
BRDA:421,28,1,0
BRF:39
BRH:11
end_of_record
TN:
SF:src\controllers\paymentController.ts
FN:9,(anonymous_8)
FN:12,(anonymous_9)
FN:29,(anonymous_10)
FN:73,(anonymous_11)
FN:119,(anonymous_12)
FN:119,(anonymous_13)
FN:134,(anonymous_14)
FN:134,(anonymous_15)
FN:192,(anonymous_16)
FN:192,(anonymous_17)
FN:290,(anonymous_18)
FN:290,(anonymous_19)
FN:311,(anonymous_20)
FN:314,(anonymous_21)
FNF:14
FNH:14
FNDA:2,(anonymous_8)
FNDA:2,(anonymous_9)
FNDA:1,(anonymous_10)
FNDA:12,(anonymous_11)
FNDA:2,(anonymous_12)
FNDA:2,(anonymous_13)
FNDA:2,(anonymous_14)
FNDA:2,(anonymous_15)
FNDA:5,(anonymous_16)
FNDA:5,(anonymous_17)
FNDA:2,(anonymous_18)
FNDA:2,(anonymous_19)
FNDA:3,(anonymous_20)
FNDA:3,(anonymous_21)
DA:2,1
DA:3,1
DA:4,1
DA:5,1
DA:6,1
DA:7,1
DA:9,1
DA:12,2
DA:13,2
DA:15,2
DA:19,2
DA:21,2
DA:22,1
DA:29,1
DA:31,1
DA:55,1
DA:71,1
DA:72,1
DA:73,12
DA:74,12
DA:82,1
DA:100,1
DA:107,1
DA:111,0
DA:119,2
DA:120,2
DA:121,2
DA:123,2
DA:124,2
DA:125,2
DA:126,2
DA:127,2
DA:131,2
DA:134,2
DA:135,2
DA:136,2
DA:138,2
DA:139,1
DA:144,1
DA:145,1
DA:146,1
DA:147,1
DA:149,1
DA:157,1
DA:159,1
DA:179,1
DA:181,1
DA:188,0
DA:192,5
DA:193,5
DA:194,5
DA:196,5
DA:197,5
DA:198,5
DA:200,5
DA:204,5
DA:205,5
DA:206,1
DA:211,4
DA:212,0
DA:218,4
DA:219,2
DA:220,1
DA:221,1
DA:227,1
DA:232,1
DA:235,1
DA:236,1
DA:237,2
DA:238,2
DA:239,2
DA:241,2
DA:248,2
DA:249,2
DA:252,1
DA:253,1
DA:263,2
DA:264,1
DA:265,1
DA:266,1
DA:272,1
DA:277,0
DA:290,2
DA:291,2
DA:293,2
DA:296,2
DA:297,1
DA:302,1
DA:306,0
DA:311,1
DA:314,3
DA:315,3
DA:316,3
DA:318,3
DA:325,2
DA:326,1
DA:331,1
DA:341,1
LF:98
LH:93
BRDA:21,0,0,1
BRDA:75,1,0,12
BRDA:75,1,1,11
BRDA:75,2,0,11
BRDA:75,2,1,1
BRDA:75,3,0,12
BRDA:75,3,1,12
BRDA:77,4,0,1
BRDA:77,4,1,11
BRDA:101,5,0,1
BRDA:101,5,1,0
BRDA:101,6,0,0
BRDA:101,6,1,1
BRDA:101,7,0,1
BRDA:101,7,1,1
BRDA:102,8,0,1
BRDA:102,8,1,0
BRDA:102,9,0,0
BRDA:102,9,1,1
BRDA:102,10,0,1
BRDA:102,10,1,1
BRDA:103,11,0,1
BRDA:103,11,1,0
BRDA:103,12,0,0
BRDA:103,12,1,1
BRDA:103,13,0,1
BRDA:103,13,1,1
BRDA:126,14,0,2
BRDA:138,15,0,1
BRDA:204,16,0,0
BRDA:204,16,1,5
BRDA:204,17,0,5
BRDA:204,17,1,5
BRDA:205,18,0,1
BRDA:211,19,0,0
BRDA:218,20,0,2
BRDA:218,20,1,2
BRDA:219,21,0,1
BRDA:219,21,1,1
BRDA:222,22,0,0
BRDA:222,22,1,1
BRDA:222,23,0,1
BRDA:222,23,1,1
BRDA:263,24,0,1
BRDA:263,24,1,1
BRDA:296,25,0,1
BRDA:325,26,0,1
BRF:47
BRH:38
end_of_record
TN:
SF:src\controllers\searchController.ts
FN:7,(anonymous_8)
FN:7,(anonymous_9)
FN:37,(anonymous_10)
FN:37,(anonymous_11)
FN:130,(anonymous_12)
FN:130,(anonymous_13)
FNF:6
FNH:6
FNDA:3,(anonymous_8)
FNDA:3,(anonymous_9)
FNDA:2,(anonymous_10)
FNDA:2,(anonymous_11)
FNDA:3,(anonymous_12)
FNDA:3,(anonymous_13)
DA:2,1
DA:3,1
DA:4,1
DA:7,3
DA:8,3
DA:9,3
DA:11,3
DA:12,1
DA:17,2
DA:26,2
DA:28,1
DA:30,1
DA:37,2
DA:38,2
DA:40,2
DA:42,2
DA:45,2
DA:46,2
DA:54,2
DA:55,1
DA:59,2
DA:60,1
DA:61,1
DA:62,1
DA:66,2
DA:67,1
DA:71,2
DA:72,1
DA:76,2
DA:77,1
DA:80,2
DA:85,1
DA:87,1
DA:130,3
DA:131,3
DA:132,3
DA:134,3
DA:135,1
DA:140,2
DA:145,1
DA:155,1
LF:41
LH:41
BRDA:11,0,0,1
BRDA:45,1,0,2
BRDA:54,2,0,1
BRDA:59,3,0,1
BRDA:59,4,0,2
BRDA:59,4,1,1
BRDA:61,5,0,1
BRDA:62,6,0,1
BRDA:66,7,0,1
BRDA:71,8,0,1
BRDA:76,9,0,1
BRDA:134,10,0,1
BRF:12
BRH:12
end_of_record
TN:
SF:src\controllers\ticketController.ts
FN:32,(anonymous_8)
FN:32,(anonymous_9)
FN:52,(anonymous_10)
FN:52,(anonymous_11)
FN:67,(anonymous_12)
FN:67,(anonymous_13)
FN:94,(anonymous_14)
FN:94,(anonymous_15)
FNF:8
FNH:8
FNDA:3,(anonymous_8)
FNDA:3,(anonymous_9)
FNDA:2,(anonymous_10)
FNDA:1,(anonymous_11)
FNDA:3,(anonymous_12)
FNDA:3,(anonymous_13)
FNDA:3,(anonymous_14)
FNDA:3,(anonymous_15)
DA:2,1
DA:3,1
DA:32,3
DA:33,3
DA:35,3
DA:52,2
DA:55,2
DA:56,1
DA:59,1
DA:63,1
DA:67,3
DA:68,3
DA:69,3
DA:70,3
DA:85,2
DA:86,1
DA:88,1
DA:90,1
DA:94,3
DA:95,3
DA:97,3
DA:100,2
DA:101,1
DA:106,1
DA:108,1
LF:25
LH:25
BRDA:55,0,0,1
BRDA:85,1,0,1
BRDA:100,2,0,1
BRF:3
BRH:3
end_of_record
TN:
SF:src\controllers\userController.ts
FN:11,(anonymous_8)
FN:11,(anonymous_9)
FN:23,(anonymous_10)
FN:23,(anonymous_11)
FN:44,(anonymous_12)
FN:44,(anonymous_13)
FN:71,(anonymous_14)
FN:71,(anonymous_15)
FNF:8
FNH:8
FNDA:1,(anonymous_8)
FNDA:1,(anonymous_9)
FNDA:1,(anonymous_10)
FNDA:1,(anonymous_11)
FNDA:1,(anonymous_12)
FNDA:1,(anonymous_13)
FNDA:1,(anonymous_14)
FNDA:1,(anonymous_15)
DA:3,1
DA:4,1
DA:5,1
DA:6,1
DA:8,1
DA:11,1
DA:12,1
DA:13,1
DA:14,1
DA:18,0
DA:23,1
DA:24,1
DA:26,1
DA:27,1
DA:29,1
DA:30,0
DA:33,1
DA:37,0
DA:44,1
DA:45,1
DA:46,1
DA:48,1
DA:49,1
DA:51,1
DA:52,0
DA:55,1
DA:56,1
DA:57,1
DA:58,1
DA:59,1
DA:60,1
DA:62,1
DA:64,1
DA:66,0
DA:71,1
DA:72,1
DA:73,1
DA:74,1
DA:77,1
DA:79,1
DA:80,0
DA:83,1
DA:84,1
DA:85,0
DA:90,1
DA:91,0
DA:96,1
DA:97,1
DA:98,1
DA:99,1
DA:102,0
LF:51
LH:42
BRDA:29,0,0,0
BRDA:51,1,0,0
BRDA:55,2,0,1
BRDA:56,3,0,1
BRDA:57,4,0,0
BRDA:58,5,0,0
BRDA:59,6,0,0
BRDA:60,7,0,0
BRDA:79,8,0,0
BRDA:84,9,0,0
BRDA:90,10,0,0
BRF:11
BRH:2
end_of_record
