{"D:\\Kuliah\\Semester 5\\Studi Independen\\Final Project ( GoEvent )\\backend\\src\\controllers\\authController.ts": {"path":"D:\\Kuliah\\Semester 5\\Studi Independen\\Final Project ( GoEvent )\\backend\\src\\controllers\\authController.ts","statementMap":{"0":{"start":{"line":2,"column":0},"end":{"line":2,"column":30}},"1":{"start":{"line":3,"column":0},"end":{"line":3,"column":34}},"2":{"start":{"line":4,"column":0},"end":{"line":4,"column":31}},"3":{"start":{"line":5,"column":0},"end":{"line":5,"column":36}},"4":{"start":{"line":6,"column":0},"end":{"line":6,"column":28}},"5":{"start":{"line":7,"column":0},"end":{"line":7,"column":28}},"6":{"start":{"line":8,"column":0},"end":{"line":8,"column":36}},"7":{"start":{"line":9,"column":0},"end":{"line":9,"column":47}},"8":{"start":{"line":11,"column":0},"end":{"line":11,"column":16}},"9":{"start":{"line":12,"column":19},"end":{"line":12,"column":63}},"10":{"start":{"line":14,"column":21},"end":{"line":17,"column":null}},"11":{"start":{"line":20,"column":0},"end":{"line":22,"column":3}},"12":{"start":{"line":24,"column":23},"end":{"line":34,"column":2}},"13":{"start":{"line":24,"column":51},"end":{"line":34,"column":2}},"14":{"start":{"line":25,"column":2},"end":{"line":33,"column":3}},"15":{"start":{"line":26,"column":22},"end":{"line":26,"column":57}},"16":{"start":{"line":27,"column":4},"end":{"line":27,"column":57}},"17":{"start":{"line":27,"column":16},"end":{"line":27,"column":57}},"18":{"start":{"line":29,"column":4},"end":{"line":29,"column":17}},"19":{"start":{"line":32,"column":4},"end":{"line":32,"column":58}},"20":{"start":{"line":36,"column":40},"end":{"line":120,"column":2}},"21":{"start":{"line":39,"column":19},"end":{"line":120,"column":2}},"22":{"start":{"line":40,"column":40},"end":{"line":40,"column":48}},"23":{"start":{"line":42,"column":2},"end":{"line":119,"column":3}},"24":{"start":{"line":43,"column":23},"end":{"line":43,"column":52}},"25":{"start":{"line":45,"column":4},"end":{"line":50,"column":5}},"26":{"start":{"line":46,"column":6},"end":{"line":48,"column":76}},"27":{"start":{"line":49,"column":6},"end":{"line":49,"column":13}},"28":{"start":{"line":52,"column":19},"end":{"line":52,"column":50}},"29":{"start":{"line":53,"column":23},"end":{"line":53,"column":61}},"30":{"start":{"line":55,"column":17},"end":{"line":61,"column":6}},"31":{"start":{"line":63,"column":4},"end":{"line":63,"column":22}},"32":{"start":{"line":65,"column":29},"end":{"line":65,"column":79}},"33":{"start":{"line":66,"column":24},"end":{"line":66,"column":46}},"34":{"start":{"line":68,"column":24},"end":{"line":78,"column":6}},"35":{"start":{"line":80,"column":24},"end":{"line":97,"column":6}},"36":{"start":{"line":99,"column":4},"end":{"line":113,"column":7}},"37":{"start":{"line":100,"column":6},"end":{"line":112,"column":7}},"38":{"start":{"line":102,"column":8},"end":{"line":102,"column":80}},"39":{"start":{"line":104,"column":8},"end":{"line":111,"column":12}},"40":{"start":{"line":116,"column":4},"end":{"line":118,"column":70}},"41":{"start":{"line":36,"column":13},"end":{"line":36,"column":40}},"42":{"start":{"line":123,"column":37},"end":{"line":152,"column":2}},"43":{"start":{"line":123,"column":75},"end":{"line":152,"column":2}},"44":{"start":{"line":124,"column":30},"end":{"line":124,"column":38}},"45":{"start":{"line":126,"column":2},"end":{"line":151,"column":3}},"46":{"start":{"line":127,"column":17},"end":{"line":127,"column":46}},"47":{"start":{"line":129,"column":4},"end":{"line":131,"column":5}},"48":{"start":{"line":130,"column":6},"end":{"line":130,"column":80}},"49":{"start":{"line":133,"column":26},"end":{"line":133,"column":71}},"50":{"start":{"line":134,"column":4},"end":{"line":136,"column":5}},"51":{"start":{"line":135,"column":6},"end":{"line":135,"column":73}},"52":{"start":{"line":139,"column":20},"end":{"line":139,"column":39}},"53":{"start":{"line":140,"column":18},"end":{"line":140,"column":69}},"54":{"start":{"line":142,"column":4},"end":{"line":146,"column":8}},"55":{"start":{"line":148,"column":4},"end":{"line":150,"column":64}},"56":{"start":{"line":123,"column":13},"end":{"line":123,"column":37}},"57":{"start":{"line":154,"column":43},"end":{"line":185,"column":2}},"58":{"start":{"line":157,"column":19},"end":{"line":185,"column":2}},"59":{"start":{"line":158,"column":20},"end":{"line":158,"column":30}},"60":{"start":{"line":160,"column":2},"end":{"line":184,"column":3}},"61":{"start":{"line":161,"column":18},"end":{"line":161,"column":59}},"62":{"start":{"line":163,"column":4},"end":{"line":166,"column":5}},"63":{"start":{"line":164,"column":6},"end":{"line":164,"column":65}},"64":{"start":{"line":165,"column":6},"end":{"line":165,"column":13}},"65":{"start":{"line":168,"column":4},"end":{"line":168,"column":33}},"66":{"start":{"line":169,"column":4},"end":{"line":169,"column":28}},"67":{"start":{"line":170,"column":4},"end":{"line":170,"column":23}},"68":{"start":{"line":172,"column":4},"end":{"line":176,"column":6}},"69":{"start":{"line":179,"column":4},"end":{"line":183,"column":8}},"70":{"start":{"line":154,"column":13},"end":{"line":154,"column":43}}},"fnMap":{"0":{"name":"(anonymous_8)","decl":{"start":{"line":24,"column":23},"end":{"line":24,"column":49}},"loc":{"start":{"line":24,"column":51},"end":{"line":34,"column":2}}},"1":{"name":"(anonymous_9)","decl":{"start":{"line":24,"column":51},"end":{"line":24,"column":null}},"loc":{"start":{"line":24,"column":51},"end":{"line":34,"column":1}}},"2":{"name":"(anonymous_10)","decl":{"start":{"line":36,"column":40},"end":{"line":36,"column":null}},"loc":{"start":{"line":39,"column":19},"end":{"line":120,"column":2}}},"3":{"name":"(anonymous_11)","decl":{"start":{"line":39,"column":19},"end":{"line":39,"column":null}},"loc":{"start":{"line":39,"column":19},"end":{"line":120,"column":1}}},"4":{"name":"(anonymous_12)","decl":{"start":{"line":99,"column":38},"end":{"line":99,"column":39}},"loc":{"start":{"line":99,"column":54},"end":{"line":113,"column":5}}},"5":{"name":"(anonymous_13)","decl":{"start":{"line":123,"column":37},"end":{"line":123,"column":44}},"loc":{"start":{"line":123,"column":75},"end":{"line":152,"column":2}}},"6":{"name":"(anonymous_14)","decl":{"start":{"line":123,"column":75},"end":{"line":123,"column":null}},"loc":{"start":{"line":123,"column":75},"end":{"line":152,"column":1}}},"7":{"name":"(anonymous_15)","decl":{"start":{"line":154,"column":43},"end":{"line":154,"column":null}},"loc":{"start":{"line":157,"column":19},"end":{"line":185,"column":2}}},"8":{"name":"(anonymous_16)","decl":{"start":{"line":157,"column":19},"end":{"line":157,"column":null}},"loc":{"start":{"line":157,"column":19},"end":{"line":185,"column":1}}}},"branchMap":{"0":{"loc":{"start":{"line":12,"column":19},"end":{"line":12,"column":63}},"type":"binary-expr","locations":[{"start":{"line":12,"column":19},"end":{"line":12,"column":41}},{"start":{"line":12,"column":45},"end":{"line":12,"column":63}}]},"1":{"loc":{"start":{"line":27,"column":4},"end":{"line":27,"column":57}},"type":"if","locations":[{"start":{"line":27,"column":4},"end":{"line":27,"column":57}}]},"2":{"loc":{"start":{"line":45,"column":4},"end":{"line":50,"column":5}},"type":"if","locations":[{"start":{"line":45,"column":4},"end":{"line":50,"column":5}}]},"3":{"loc":{"start":{"line":100,"column":6},"end":{"line":112,"column":7}},"type":"if","locations":[{"start":{"line":100,"column":6},"end":{"line":112,"column":7}},{"start":{"line":103,"column":13},"end":{"line":112,"column":7}}]},"4":{"loc":{"start":{"line":129,"column":4},"end":{"line":131,"column":5}},"type":"if","locations":[{"start":{"line":129,"column":4},"end":{"line":131,"column":5}}]},"5":{"loc":{"start":{"line":134,"column":4},"end":{"line":136,"column":5}},"type":"if","locations":[{"start":{"line":134,"column":4},"end":{"line":136,"column":5}}]},"6":{"loc":{"start":{"line":163,"column":4},"end":{"line":166,"column":5}},"type":"if","locations":[{"start":{"line":163,"column":4},"end":{"line":166,"column":5}}]}},"s":{"0":1,"1":1,"2":1,"3":1,"4":1,"5":1,"6":1,"7":1,"8":1,"9":1,"10":1,"11":1,"12":1,"13":0,"14":0,"15":0,"16":0,"17":0,"18":0,"19":0,"20":1,"21":2,"22":2,"23":2,"24":2,"25":1,"26":1,"27":1,"28":0,"29":0,"30":0,"31":0,"32":0,"33":0,"34":0,"35":0,"36":0,"37":0,"38":0,"39":0,"40":1,"41":1,"42":1,"43":2,"44":2,"45":2,"46":2,"47":2,"48":0,"49":2,"50":2,"51":1,"52":1,"53":1,"54":1,"55":0,"56":1,"57":1,"58":3,"59":3,"60":3,"61":3,"62":2,"63":1,"64":1,"65":1,"66":1,"67":1,"68":1,"69":1,"70":1},"f":{"0":0,"1":0,"2":2,"3":2,"4":0,"5":2,"6":2,"7":3,"8":3},"b":{"0":[1,0],"1":[0],"2":[1],"3":[0,0],"4":[0],"5":[1],"6":[1]}}
,"D:\\Kuliah\\Semester 5\\Studi Independen\\Final Project ( GoEvent )\\backend\\src\\controllers\\categoryController.ts": {"path":"D:\\Kuliah\\Semester 5\\Studi Independen\\Final Project ( GoEvent )\\backend\\src\\controllers\\categoryController.ts","statementMap":{"0":{"start":{"line":2,"column":0},"end":{"line":2,"column":42}},"1":{"start":{"line":3,"column":0},"end":{"line":3,"column":47}},"2":{"start":{"line":6,"column":29},"end":{"line":17,"column":2}},"3":{"start":{"line":6,"column":67},"end":{"line":17,"column":2}},"4":{"start":{"line":7,"column":2},"end":{"line":16,"column":3}},"5":{"start":{"line":8,"column":23},"end":{"line":8,"column":44}},"6":{"start":{"line":9,"column":4},"end":{"line":11,"column":76}},"7":{"start":{"line":13,"column":4},"end":{"line":15,"column":69}},"8":{"start":{"line":6,"column":13},"end":{"line":6,"column":29}},"9":{"start":{"line":20,"column":31},"end":{"line":37,"column":2}},"10":{"start":{"line":20,"column":69},"end":{"line":37,"column":2}},"11":{"start":{"line":21,"column":21},"end":{"line":21,"column":34}},"12":{"start":{"line":22,"column":2},"end":{"line":36,"column":3}},"13":{"start":{"line":23,"column":21},"end":{"line":23,"column":56}},"14":{"start":{"line":24,"column":4},"end":{"line":28,"column":5}},"15":{"start":{"line":25,"column":6},"end":{"line":27,"column":62}},"16":{"start":{"line":29,"column":4},"end":{"line":31,"column":74}},"17":{"start":{"line":33,"column":4},"end":{"line":35,"column":69}},"18":{"start":{"line":20,"column":13},"end":{"line":20,"column":31}},"19":{"start":{"line":40,"column":30},"end":{"line":53,"column":2}},"20":{"start":{"line":40,"column":68},"end":{"line":53,"column":2}},"21":{"start":{"line":41,"column":32},"end":{"line":41,"column":40}},"22":{"start":{"line":42,"column":2},"end":{"line":52,"column":3}},"23":{"start":{"line":43,"column":24},"end":{"line":43,"column":59}},"24":{"start":{"line":44,"column":4},"end":{"line":44,"column":29}},"25":{"start":{"line":45,"column":4},"end":{"line":47,"column":77}},"26":{"start":{"line":49,"column":4},"end":{"line":51,"column":69}},"27":{"start":{"line":40,"column":13},"end":{"line":40,"column":30}},"28":{"start":{"line":56,"column":30},"end":{"line":78,"column":2}},"29":{"start":{"line":56,"column":68},"end":{"line":78,"column":2}},"30":{"start":{"line":57,"column":21},"end":{"line":57,"column":34}},"31":{"start":{"line":58,"column":32},"end":{"line":58,"column":40}},"32":{"start":{"line":59,"column":2},"end":{"line":77,"column":3}},"33":{"start":{"line":60,"column":28},"end":{"line":63,"column":null}},"34":{"start":{"line":65,"column":4},"end":{"line":69,"column":5}},"35":{"start":{"line":66,"column":6},"end":{"line":68,"column":62}},"36":{"start":{"line":70,"column":4},"end":{"line":72,"column":80}},"37":{"start":{"line":74,"column":4},"end":{"line":76,"column":69}},"38":{"start":{"line":56,"column":13},"end":{"line":56,"column":30}},"39":{"start":{"line":81,"column":30},"end":{"line":94,"column":2}},"40":{"start":{"line":81,"column":68},"end":{"line":94,"column":2}},"41":{"start":{"line":82,"column":21},"end":{"line":82,"column":34}},"42":{"start":{"line":83,"column":2},"end":{"line":93,"column":3}},"43":{"start":{"line":84,"column":28},"end":{"line":84,"column":72}},"44":{"start":{"line":85,"column":4},"end":{"line":89,"column":5}},"45":{"start":{"line":86,"column":6},"end":{"line":88,"column":62}},"46":{"start":{"line":90,"column":4},"end":{"line":90,"column":73}},"47":{"start":{"line":92,"column":4},"end":{"line":92,"column":80}},"48":{"start":{"line":81,"column":13},"end":{"line":81,"column":30}}},"fnMap":{"0":{"name":"(anonymous_8)","decl":{"start":{"line":6,"column":29},"end":{"line":6,"column":36}},"loc":{"start":{"line":6,"column":67},"end":{"line":17,"column":2}}},"1":{"name":"(anonymous_9)","decl":{"start":{"line":6,"column":67},"end":{"line":6,"column":null}},"loc":{"start":{"line":6,"column":67},"end":{"line":17,"column":1}}},"2":{"name":"(anonymous_10)","decl":{"start":{"line":20,"column":31},"end":{"line":20,"column":38}},"loc":{"start":{"line":20,"column":69},"end":{"line":37,"column":2}}},"3":{"name":"(anonymous_11)","decl":{"start":{"line":20,"column":69},"end":{"line":20,"column":null}},"loc":{"start":{"line":20,"column":69},"end":{"line":37,"column":1}}},"4":{"name":"(anonymous_12)","decl":{"start":{"line":40,"column":30},"end":{"line":40,"column":37}},"loc":{"start":{"line":40,"column":68},"end":{"line":53,"column":2}}},"5":{"name":"(anonymous_13)","decl":{"start":{"line":40,"column":68},"end":{"line":40,"column":null}},"loc":{"start":{"line":40,"column":68},"end":{"line":53,"column":1}}},"6":{"name":"(anonymous_14)","decl":{"start":{"line":56,"column":30},"end":{"line":56,"column":37}},"loc":{"start":{"line":56,"column":68},"end":{"line":78,"column":2}}},"7":{"name":"(anonymous_15)","decl":{"start":{"line":56,"column":68},"end":{"line":56,"column":null}},"loc":{"start":{"line":56,"column":68},"end":{"line":78,"column":1}}},"8":{"name":"(anonymous_16)","decl":{"start":{"line":81,"column":30},"end":{"line":81,"column":37}},"loc":{"start":{"line":81,"column":68},"end":{"line":94,"column":2}}},"9":{"name":"(anonymous_17)","decl":{"start":{"line":81,"column":68},"end":{"line":81,"column":null}},"loc":{"start":{"line":81,"column":68},"end":{"line":94,"column":1}}}},"branchMap":{"0":{"loc":{"start":{"line":24,"column":4},"end":{"line":28,"column":5}},"type":"if","locations":[{"start":{"line":24,"column":4},"end":{"line":28,"column":5}}]},"1":{"loc":{"start":{"line":65,"column":4},"end":{"line":69,"column":5}},"type":"if","locations":[{"start":{"line":65,"column":4},"end":{"line":69,"column":5}}]},"2":{"loc":{"start":{"line":85,"column":4},"end":{"line":89,"column":5}},"type":"if","locations":[{"start":{"line":85,"column":4},"end":{"line":89,"column":5}}]}},"s":{"0":1,"1":1,"2":1,"3":1,"4":1,"5":1,"6":1,"7":0,"8":1,"9":1,"10":1,"11":1,"12":1,"13":1,"14":1,"15":0,"16":1,"17":0,"18":1,"19":1,"20":1,"21":1,"22":1,"23":1,"24":1,"25":1,"26":0,"27":1,"28":1,"29":1,"30":1,"31":1,"32":1,"33":1,"34":1,"35":0,"36":1,"37":0,"38":1,"39":1,"40":1,"41":1,"42":1,"43":1,"44":1,"45":0,"46":1,"47":0,"48":1},"f":{"0":1,"1":1,"2":1,"3":1,"4":1,"5":1,"6":1,"7":1,"8":1,"9":1},"b":{"0":[0],"1":[0],"2":[0]}}
,"D:\\Kuliah\\Semester 5\\Studi Independen\\Final Project ( GoEvent )\\backend\\src\\controllers\\dashboardController.ts": {"path":"D:\\Kuliah\\Semester 5\\Studi Independen\\Final Project ( GoEvent )\\backend\\src\\controllers\\dashboardController.ts","statementMap":{"0":{"start":{"line":2,"column":0},"end":{"line":2,"column":34}},"1":{"start":{"line":3,"column":0},"end":{"line":3,"column":36}},"2":{"start":{"line":4,"column":0},"end":{"line":4,"column":44}},"3":{"start":{"line":5,"column":0},"end":{"line":5,"column":47}},"4":{"start":{"line":8,"column":33},"end":{"line":33,"column":2}},"5":{"start":{"line":8,"column":71},"end":{"line":33,"column":2}},"6":{"start":{"line":9,"column":2},"end":{"line":32,"column":3}},"7":{"start":{"line":11,"column":55},"end":{"line":15,"column":6}},"8":{"start":{"line":17,"column":18},"end":{"line":21,"column":6}},"9":{"start":{"line":23,"column":4},"end":{"line":27,"column":8}},"10":{"start":{"line":29,"column":4},"end":{"line":31,"column":80}},"11":{"start":{"line":8,"column":13},"end":{"line":8,"column":33}},"12":{"start":{"line":35,"column":27},"end":{"line":186,"column":2}},"13":{"start":{"line":35,"column":65},"end":{"line":186,"column":2}},"14":{"start":{"line":36,"column":2},"end":{"line":185,"column":3}},"15":{"start":{"line":47,"column":8},"end":{"line":47,"column":17}},"16":{"start":{"line":50,"column":23},"end":{"line":50,"column":35}},"17":{"start":{"line":51,"column":24},"end":{"line":51,"column":37}},"18":{"start":{"line":54,"column":21},"end":{"line":54,"column":23}},"19":{"start":{"line":56,"column":4},"end":{"line":58,"column":5}},"20":{"start":{"line":57,"column":6},"end":{"line":57,"column":28}},"21":{"start":{"line":60,"column":4},"end":{"line":64,"column":5}},"22":{"start":{"line":61,"column":6},"end":{"line":61,"column":22}},"23":{"start":{"line":62,"column":6},"end":{"line":62,"column":69}},"24":{"start":{"line":62,"column":21},"end":{"line":62,"column":69}},"25":{"start":{"line":63,"column":6},"end":{"line":63,"column":65}},"26":{"start":{"line":63,"column":19},"end":{"line":63,"column":65}},"27":{"start":{"line":66,"column":4},"end":{"line":68,"column":5}},"28":{"start":{"line":67,"column":6},"end":{"line":67,"column":32}},"29":{"start":{"line":71,"column":18},"end":{"line":71,"column":50}},"30":{"start":{"line":74,"column":17},"end":{"line":74,"column":47}},"31":{"start":{"line":77,"column":26},"end":{"line":77,"column":55}},"32":{"start":{"line":78,"column":48},"end":{"line":80,"column":6}},"33":{"start":{"line":83,"column":18},"end":{"line":146,"column":6}},"34":{"start":{"line":149,"column":21},"end":{"line":149,"column":51}},"35":{"start":{"line":152,"column":21},"end":{"line":161,"column":6}},"36":{"start":{"line":164,"column":4},"end":{"line":170,"column":5}},"37":{"start":{"line":165,"column":6},"end":{"line":169,"column":9}},"38":{"start":{"line":173,"column":4},"end":{"line":177,"column":7}},"39":{"start":{"line":179,"column":4},"end":{"line":179,"column":52}},"40":{"start":{"line":180,"column":4},"end":{"line":184,"column":7}},"41":{"start":{"line":35,"column":13},"end":{"line":35,"column":27}}},"fnMap":{"0":{"name":"(anonymous_8)","decl":{"start":{"line":8,"column":33},"end":{"line":8,"column":40}},"loc":{"start":{"line":8,"column":71},"end":{"line":33,"column":2}}},"1":{"name":"(anonymous_9)","decl":{"start":{"line":8,"column":71},"end":{"line":8,"column":null}},"loc":{"start":{"line":8,"column":71},"end":{"line":33,"column":1}}},"2":{"name":"(anonymous_10)","decl":{"start":{"line":35,"column":27},"end":{"line":35,"column":34}},"loc":{"start":{"line":35,"column":65},"end":{"line":186,"column":2}}},"3":{"name":"(anonymous_11)","decl":{"start":{"line":35,"column":65},"end":{"line":35,"column":null}},"loc":{"start":{"line":35,"column":65},"end":{"line":186,"column":1}}}},"branchMap":{"0":{"loc":{"start":{"line":42,"column":6},"end":{"line":42,"column":21}},"type":"default-arg","locations":[{"start":{"line":42,"column":15},"end":{"line":42,"column":21}}]},"1":{"loc":{"start":{"line":43,"column":6},"end":{"line":43,"column":24}},"type":"default-arg","locations":[{"start":{"line":43,"column":18},"end":{"line":43,"column":24}}]},"2":{"loc":{"start":{"line":44,"column":6},"end":{"line":44,"column":14}},"type":"default-arg","locations":[{"start":{"line":44,"column":13},"end":{"line":44,"column":14}}]},"3":{"loc":{"start":{"line":45,"column":6},"end":{"line":45,"column":15}},"type":"default-arg","locations":[{"start":{"line":45,"column":14},"end":{"line":45,"column":15}}]},"4":{"loc":{"start":{"line":56,"column":4},"end":{"line":58,"column":5}},"type":"if","locations":[{"start":{"line":56,"column":4},"end":{"line":58,"column":5}}]},"5":{"loc":{"start":{"line":60,"column":4},"end":{"line":64,"column":5}},"type":"if","locations":[{"start":{"line":60,"column":4},"end":{"line":64,"column":5}}]},"6":{"loc":{"start":{"line":60,"column":8},"end":{"line":60,"column":28}},"type":"binary-expr","locations":[{"start":{"line":60,"column":8},"end":{"line":60,"column":17}},{"start":{"line":60,"column":21},"end":{"line":60,"column":28}}]},"7":{"loc":{"start":{"line":62,"column":6},"end":{"line":62,"column":69}},"type":"if","locations":[{"start":{"line":62,"column":6},"end":{"line":62,"column":69}}]},"8":{"loc":{"start":{"line":63,"column":6},"end":{"line":63,"column":65}},"type":"if","locations":[{"start":{"line":63,"column":6},"end":{"line":63,"column":65}}]},"9":{"loc":{"start":{"line":66,"column":4},"end":{"line":68,"column":5}},"type":"if","locations":[{"start":{"line":66,"column":4},"end":{"line":68,"column":5}}]},"10":{"loc":{"start":{"line":77,"column":26},"end":{"line":77,"column":55}},"type":"cond-expr","locations":[{"start":{"line":77,"column":49},"end":{"line":77,"column":51}},{"start":{"line":77,"column":54},"end":{"line":77,"column":55}}]},"11":{"loc":{"start":{"line":164,"column":4},"end":{"line":170,"column":5}},"type":"if","locations":[{"start":{"line":164,"column":4},"end":{"line":170,"column":5}}]},"12":{"loc":{"start":{"line":164,"column":8},"end":{"line":164,"column":36}},"type":"binary-expr","locations":[{"start":{"line":164,"column":8},"end":{"line":164,"column":14}},{"start":{"line":164,"column":18},"end":{"line":164,"column":36}}]}},"s":{"0":1,"1":1,"2":1,"3":1,"4":1,"5":2,"6":2,"7":2,"8":1,"9":1,"10":1,"11":1,"12":1,"13":2,"14":2,"15":2,"16":2,"17":2,"18":2,"19":2,"20":0,"21":2,"22":0,"23":0,"24":0,"25":0,"26":0,"27":2,"28":0,"29":2,"30":2,"31":2,"32":2,"33":2,"34":2,"35":2,"36":2,"37":1,"38":1,"39":0,"40":0,"41":1},"f":{"0":2,"1":2,"2":2,"3":2},"b":{"0":[2],"1":[2],"2":[0],"3":[0],"4":[0],"5":[0],"6":[2,2],"7":[0],"8":[0],"9":[0],"10":[2,0],"11":[1],"12":[2,2]}}
,"D:\\Kuliah\\Semester 5\\Studi Independen\\Final Project ( GoEvent )\\backend\\src\\controllers\\eventController.ts": {"path":"D:\\Kuliah\\Semester 5\\Studi Independen\\Final Project ( GoEvent )\\backend\\src\\controllers\\eventController.ts","statementMap":{"0":{"start":{"line":2,"column":0},"end":{"line":2,"column":48}},"1":{"start":{"line":3,"column":0},"end":{"line":3,"column":47}},"2":{"start":{"line":4,"column":0},"end":{"line":4,"column":40}},"3":{"start":{"line":5,"column":0},"end":{"line":5,"column":37}},"4":{"start":{"line":7,"column":21},"end":{"line":7,"column":45}},"5":{"start":{"line":9,"column":27},"end":{"line":102,"column":2}},"6":{"start":{"line":9,"column":65},"end":{"line":102,"column":2}},"7":{"start":{"line":10,"column":2},"end":{"line":101,"column":3}},"8":{"start":{"line":11,"column":24},"end":{"line":11,"column":37}},"9":{"start":{"line":13,"column":4},"end":{"line":17,"column":5}},"10":{"start":{"line":14,"column":6},"end":{"line":16,"column":65}},"11":{"start":{"line":19,"column":27},"end":{"line":19,"column":45}},"12":{"start":{"line":20,"column":4},"end":{"line":30,"column":5}},"13":{"start":{"line":21,"column":6},"end":{"line":29,"column":10}},"14":{"start":{"line":42,"column":8},"end":{"line":42,"column":16}},"15":{"start":{"line":44,"column":29},"end":{"line":67,"column":6}},"16":{"start":{"line":69,"column":16},"end":{"line":71,"column":36}},"17":{"start":{"line":72,"column":20},"end":{"line":72,"column":71}},"18":{"start":{"line":73,"column":21},"end":{"line":86,"column":6}},"19":{"start":{"line":89,"column":4},"end":{"line":89,"column":26}},"20":{"start":{"line":92,"column":4},"end":{"line":94,"column":75}},"21":{"start":{"line":97,"column":4},"end":{"line":97,"column":23}},"22":{"start":{"line":98,"column":4},"end":{"line":100,"column":70}},"23":{"start":{"line":9,"column":13},"end":{"line":9,"column":27}},"24":{"start":{"line":104,"column":24},"end":{"line":117,"column":2}},"25":{"start":{"line":104,"column":62},"end":{"line":117,"column":2}},"26":{"start":{"line":105,"column":2},"end":{"line":116,"column":3}},"27":{"start":{"line":106,"column":19},"end":{"line":108,"column":45}},"28":{"start":{"line":109,"column":4},"end":{"line":111,"column":70}},"29":{"start":{"line":113,"column":4},"end":{"line":115,"column":74}},"30":{"start":{"line":104,"column":13},"end":{"line":104,"column":24}},"31":{"start":{"line":119,"column":28},"end":{"line":136,"column":2}},"32":{"start":{"line":119,"column":66},"end":{"line":136,"column":2}},"33":{"start":{"line":120,"column":2},"end":{"line":135,"column":3}},"34":{"start":{"line":121,"column":18},"end":{"line":123,"column":45}},"35":{"start":{"line":125,"column":4},"end":{"line":129,"column":5}},"36":{"start":{"line":126,"column":6},"end":{"line":128,"column":64}},"37":{"start":{"line":130,"column":4},"end":{"line":132,"column":69}},"38":{"start":{"line":134,"column":4},"end":{"line":134,"column":80}},"39":{"start":{"line":119,"column":13},"end":{"line":119,"column":28}},"40":{"start":{"line":138,"column":27},"end":{"line":185,"column":2}},"41":{"start":{"line":138,"column":65},"end":{"line":185,"column":2}},"42":{"start":{"line":139,"column":2},"end":{"line":184,"column":3}},"43":{"start":{"line":151,"column":8},"end":{"line":151,"column":16}},"44":{"start":{"line":152,"column":18},"end":{"line":152,"column":32}},"45":{"start":{"line":154,"column":18},"end":{"line":154,"column":53}},"46":{"start":{"line":155,"column":4},"end":{"line":159,"column":5}},"47":{"start":{"line":156,"column":6},"end":{"line":158,"column":64}},"48":{"start":{"line":161,"column":4},"end":{"line":161,"column":24}},"49":{"start":{"line":162,"column":4},"end":{"line":162,"column":24}},"50":{"start":{"line":163,"column":4},"end":{"line":163,"column":24}},"51":{"start":{"line":164,"column":4},"end":{"line":164,"column":32}},"52":{"start":{"line":165,"column":4},"end":{"line":165,"column":34}},"53":{"start":{"line":166,"column":4},"end":{"line":166,"column":22}},"54":{"start":{"line":167,"column":4},"end":{"line":167,"column":28}},"55":{"start":{"line":168,"column":4},"end":{"line":168,"column":26}},"56":{"start":{"line":169,"column":4},"end":{"line":169,"column":36}},"57":{"start":{"line":170,"column":4},"end":{"line":170,"column":30}},"58":{"start":{"line":171,"column":4},"end":{"line":173,"column":5}},"59":{"start":{"line":172,"column":6},"end":{"line":172,"column":30}},"60":{"start":{"line":175,"column":4},"end":{"line":175,"column":23}},"61":{"start":{"line":176,"column":4},"end":{"line":178,"column":72}},"62":{"start":{"line":180,"column":4},"end":{"line":180,"column":23}},"63":{"start":{"line":181,"column":4},"end":{"line":183,"column":71}},"64":{"start":{"line":138,"column":13},"end":{"line":138,"column":27}},"65":{"start":{"line":187,"column":26},"end":{"line":203,"column":2}},"66":{"start":{"line":187,"column":64},"end":{"line":203,"column":2}},"67":{"start":{"line":188,"column":2},"end":{"line":202,"column":3}},"68":{"start":{"line":189,"column":18},"end":{"line":189,"column":62}},"69":{"start":{"line":190,"column":4},"end":{"line":194,"column":5}},"70":{"start":{"line":191,"column":6},"end":{"line":193,"column":64}},"71":{"start":{"line":195,"column":4},"end":{"line":197,"column":69}},"72":{"start":{"line":199,"column":4},"end":{"line":201,"column":74}},"73":{"start":{"line":187,"column":13},"end":{"line":187,"column":26}},"74":{"start":{"line":206,"column":31},"end":{"line":246,"column":2}},"75":{"start":{"line":206,"column":69},"end":{"line":246,"column":2}},"76":{"start":{"line":207,"column":2},"end":{"line":245,"column":3}},"77":{"start":{"line":208,"column":37},"end":{"line":208,"column":46}},"78":{"start":{"line":209,"column":17},"end":{"line":209,"column":51}},"79":{"start":{"line":212,"column":18},"end":{"line":212,"column":46}},"80":{"start":{"line":215,"column":19},"end":{"line":221,"column":13}},"81":{"start":{"line":223,"column":21},"end":{"line":223,"column":53}},"82":{"start":{"line":225,"column":21},"end":{"line":234,"column":6}},"83":{"start":{"line":236,"column":4},"end":{"line":240,"column":8}},"84":{"start":{"line":242,"column":4},"end":{"line":244,"column":79}},"85":{"start":{"line":206,"column":13},"end":{"line":206,"column":31}},"86":{"start":{"line":255,"column":37},"end":{"line":295,"column":2}},"87":{"start":{"line":255,"column":75},"end":{"line":295,"column":2}},"88":{"start":{"line":256,"column":2},"end":{"line":294,"column":3}},"89":{"start":{"line":257,"column":19},"end":{"line":259,"column":25}},"90":{"start":{"line":261,"column":22},"end":{"line":281,"column":null}},"91":{"start":{"line":262,"column":33},"end":{"line":281,"column":8}},"92":{"start":{"line":263,"column":29},"end":{"line":266,"column":10}},"93":{"start":{"line":268,"column":20},"end":{"line":270,"column":40}},"94":{"start":{"line":272,"column":8},"end":{"line":280,"column":10}},"95":{"start":{"line":285,"column":4},"end":{"line":289,"column":8}},"96":{"start":{"line":291,"column":4},"end":{"line":293,"column":79}},"97":{"start":{"line":255,"column":13},"end":{"line":255,"column":37}},"98":{"start":{"line":298,"column":33},"end":{"line":370,"column":2}},"99":{"start":{"line":298,"column":71},"end":{"line":370,"column":2}},"100":{"start":{"line":299,"column":2},"end":{"line":369,"column":3}},"101":{"start":{"line":300,"column":20},"end":{"line":300,"column":33}},"102":{"start":{"line":302,"column":18},"end":{"line":304,"column":35}},"103":{"start":{"line":306,"column":4},"end":{"line":311,"column":5}},"104":{"start":{"line":307,"column":6},"end":{"line":310,"column":9}},"105":{"start":{"line":314,"column":24},"end":{"line":323,"column":6}},"106":{"start":{"line":325,"column":16},"end":{"line":327,"column":36}},"107":{"start":{"line":329,"column":22},"end":{"line":343,"column":6}},"108":{"start":{"line":346,"column":4},"end":{"line":355,"column":8}},"109":{"start":{"line":358,"column":4},"end":{"line":358,"column":34}},"110":{"start":{"line":359,"column":4},"end":{"line":368,"column":8}},"111":{"start":{"line":298,"column":13},"end":{"line":298,"column":33}},"112":{"start":{"line":372,"column":36},"end":{"line":456,"column":2}},"113":{"start":{"line":372,"column":74},"end":{"line":456,"column":2}},"114":{"start":{"line":373,"column":2},"end":{"line":455,"column":3}},"115":{"start":{"line":374,"column":24},"end":{"line":374,"column":46}},"116":{"start":{"line":386,"column":8},"end":{"line":386,"column":17}},"117":{"start":{"line":389,"column":21},"end":{"line":389,"column":47}},"118":{"start":{"line":393,"column":4},"end":{"line":395,"column":5}},"119":{"start":{"line":394,"column":6},"end":{"line":394,"column":28}},"120":{"start":{"line":398,"column":4},"end":{"line":402,"column":5}},"121":{"start":{"line":399,"column":6},"end":{"line":399,"column":22}},"122":{"start":{"line":400,"column":6},"end":{"line":400,"column":69}},"123":{"start":{"line":400,"column":21},"end":{"line":400,"column":69}},"124":{"start":{"line":401,"column":6},"end":{"line":401,"column":65}},"125":{"start":{"line":401,"column":19},"end":{"line":401,"column":65}},"126":{"start":{"line":405,"column":4},"end":{"line":407,"column":5}},"127":{"start":{"line":406,"column":6},"end":{"line":406,"column":32}},"128":{"start":{"line":410,"column":17},"end":{"line":410,"column":51}},"129":{"start":{"line":413,"column":18},"end":{"line":413,"column":51}},"130":{"start":{"line":416,"column":37},"end":{"line":416,"column":66}},"131":{"start":{"line":417,"column":54},"end":{"line":419,"column":6}},"132":{"start":{"line":422,"column":19},"end":{"line":428,"column":13}},"133":{"start":{"line":432,"column":21},"end":{"line":432,"column":53}},"134":{"start":{"line":433,"column":21},"end":{"line":442,"column":6}},"135":{"start":{"line":444,"column":4},"end":{"line":448,"column":8}},"136":{"start":{"line":450,"column":4},"end":{"line":454,"column":8}},"137":{"start":{"line":372,"column":13},"end":{"line":372,"column":36}},"138":{"start":{"line":459,"column":29},"end":{"line":504,"column":2}},"139":{"start":{"line":459,"column":67},"end":{"line":504,"column":2}},"140":{"start":{"line":460,"column":2},"end":{"line":503,"column":3}},"141":{"start":{"line":461,"column":20},"end":{"line":461,"column":33}},"142":{"start":{"line":463,"column":18},"end":{"line":465,"column":35}},"143":{"start":{"line":467,"column":4},"end":{"line":471,"column":5}},"144":{"start":{"line":468,"column":6},"end":{"line":470,"column":64}},"145":{"start":{"line":474,"column":24},"end":{"line":477,"column":6}},"146":{"start":{"line":478,"column":25},"end":{"line":478,"column":58}},"147":{"start":{"line":481,"column":28},"end":{"line":484,"column":6}},"148":{"start":{"line":485,"column":24},"end":{"line":485,"column":54}},"149":{"start":{"line":488,"column":29},"end":{"line":488,"column":54}},"150":{"start":{"line":490,"column":4},"end":{"line":498,"column":6}},"151":{"start":{"line":500,"column":4},"end":{"line":502,"column":78}},"152":{"start":{"line":459,"column":13},"end":{"line":459,"column":29}}},"fnMap":{"0":{"name":"(anonymous_8)","decl":{"start":{"line":9,"column":27},"end":{"line":9,"column":34}},"loc":{"start":{"line":9,"column":65},"end":{"line":102,"column":2}}},"1":{"name":"(anonymous_9)","decl":{"start":{"line":9,"column":65},"end":{"line":9,"column":null}},"loc":{"start":{"line":9,"column":65},"end":{"line":102,"column":1}}},"2":{"name":"(anonymous_10)","decl":{"start":{"line":104,"column":24},"end":{"line":104,"column":31}},"loc":{"start":{"line":104,"column":62},"end":{"line":117,"column":2}}},"3":{"name":"(anonymous_11)","decl":{"start":{"line":104,"column":62},"end":{"line":104,"column":null}},"loc":{"start":{"line":104,"column":62},"end":{"line":117,"column":1}}},"4":{"name":"(anonymous_12)","decl":{"start":{"line":119,"column":28},"end":{"line":119,"column":35}},"loc":{"start":{"line":119,"column":66},"end":{"line":136,"column":2}}},"5":{"name":"(anonymous_13)","decl":{"start":{"line":119,"column":66},"end":{"line":119,"column":null}},"loc":{"start":{"line":119,"column":66},"end":{"line":136,"column":1}}},"6":{"name":"(anonymous_14)","decl":{"start":{"line":138,"column":27},"end":{"line":138,"column":34}},"loc":{"start":{"line":138,"column":65},"end":{"line":185,"column":2}}},"7":{"name":"(anonymous_15)","decl":{"start":{"line":138,"column":65},"end":{"line":138,"column":null}},"loc":{"start":{"line":138,"column":65},"end":{"line":185,"column":1}}},"8":{"name":"(anonymous_16)","decl":{"start":{"line":187,"column":26},"end":{"line":187,"column":33}},"loc":{"start":{"line":187,"column":64},"end":{"line":203,"column":2}}},"9":{"name":"(anonymous_17)","decl":{"start":{"line":187,"column":64},"end":{"line":187,"column":null}},"loc":{"start":{"line":187,"column":64},"end":{"line":203,"column":1}}},"10":{"name":"(anonymous_18)","decl":{"start":{"line":206,"column":31},"end":{"line":206,"column":38}},"loc":{"start":{"line":206,"column":69},"end":{"line":246,"column":2}}},"11":{"name":"(anonymous_19)","decl":{"start":{"line":206,"column":69},"end":{"line":206,"column":null}},"loc":{"start":{"line":206,"column":69},"end":{"line":246,"column":1}}},"12":{"name":"(anonymous_20)","decl":{"start":{"line":255,"column":37},"end":{"line":255,"column":44}},"loc":{"start":{"line":255,"column":75},"end":{"line":295,"column":2}}},"13":{"name":"(anonymous_21)","decl":{"start":{"line":255,"column":75},"end":{"line":255,"column":null}},"loc":{"start":{"line":255,"column":75},"end":{"line":295,"column":1}}},"14":{"name":"(anonymous_22)","decl":{"start":{"line":262,"column":17},"end":{"line":262,"column":24}},"loc":{"start":{"line":262,"column":33},"end":{"line":281,"column":8}}},"15":{"name":"(anonymous_23)","decl":{"start":{"line":262,"column":33},"end":{"line":262,"column":null}},"loc":{"start":{"line":262,"column":33},"end":{"line":281,"column":7}}},"16":{"name":"(anonymous_24)","decl":{"start":{"line":298,"column":33},"end":{"line":298,"column":40}},"loc":{"start":{"line":298,"column":71},"end":{"line":370,"column":2}}},"17":{"name":"(anonymous_25)","decl":{"start":{"line":298,"column":71},"end":{"line":298,"column":null}},"loc":{"start":{"line":298,"column":71},"end":{"line":370,"column":1}}},"18":{"name":"(anonymous_26)","decl":{"start":{"line":372,"column":36},"end":{"line":372,"column":43}},"loc":{"start":{"line":372,"column":74},"end":{"line":456,"column":2}}},"19":{"name":"(anonymous_27)","decl":{"start":{"line":372,"column":74},"end":{"line":372,"column":null}},"loc":{"start":{"line":372,"column":74},"end":{"line":456,"column":1}}},"20":{"name":"(anonymous_28)","decl":{"start":{"line":459,"column":29},"end":{"line":459,"column":36}},"loc":{"start":{"line":459,"column":67},"end":{"line":504,"column":2}}},"21":{"name":"(anonymous_29)","decl":{"start":{"line":459,"column":67},"end":{"line":459,"column":null}},"loc":{"start":{"line":459,"column":67},"end":{"line":504,"column":1}}}},"branchMap":{"0":{"loc":{"start":{"line":13,"column":4},"end":{"line":17,"column":5}},"type":"if","locations":[{"start":{"line":13,"column":4},"end":{"line":17,"column":5}}]},"1":{"loc":{"start":{"line":20,"column":4},"end":{"line":30,"column":5}},"type":"if","locations":[{"start":{"line":20,"column":4},"end":{"line":30,"column":5}}]},"2":{"loc":{"start":{"line":72,"column":20},"end":{"line":72,"column":71}},"type":"cond-expr","locations":[{"start":{"line":72,"column":31},"end":{"line":72,"column":64}},{"start":{"line":72,"column":67},"end":{"line":72,"column":71}}]},"3":{"loc":{"start":{"line":125,"column":4},"end":{"line":129,"column":5}},"type":"if","locations":[{"start":{"line":125,"column":4},"end":{"line":129,"column":5}}]},"4":{"loc":{"start":{"line":152,"column":18},"end":{"line":152,"column":32}},"type":"cond-expr","locations":[{"start":{"line":152,"column":26},"end":{"line":152,"column":28}},{"start":{"line":152,"column":26},"end":{"line":152,"column":32}}]},"5":{"loc":{"start":{"line":152,"column":18},"end":{"line":152,"column":28}},"type":"binary-expr","locations":[{"start":{"line":152,"column":18},"end":{"line":152,"column":28}},{"start":{"line":152,"column":26},"end":{"line":152,"column":28}}]},"6":{"loc":{"start":{"line":155,"column":4},"end":{"line":159,"column":5}},"type":"if","locations":[{"start":{"line":155,"column":4},"end":{"line":159,"column":5}}]},"7":{"loc":{"start":{"line":171,"column":4},"end":{"line":173,"column":5}},"type":"if","locations":[{"start":{"line":171,"column":4},"end":{"line":173,"column":5}}]},"8":{"loc":{"start":{"line":190,"column":4},"end":{"line":194,"column":5}},"type":"if","locations":[{"start":{"line":190,"column":4},"end":{"line":194,"column":5}}]},"9":{"loc":{"start":{"line":208,"column":12},"end":{"line":208,"column":22}},"type":"default-arg","locations":[{"start":{"line":208,"column":20},"end":{"line":208,"column":22}}]},"10":{"loc":{"start":{"line":208,"column":24},"end":{"line":208,"column":32}},"type":"default-arg","locations":[{"start":{"line":208,"column":31},"end":{"line":208,"column":32}}]},"11":{"loc":{"start":{"line":278,"column":25},"end":{"line":278,"column":70}},"type":"binary-expr","locations":[{"start":{"line":278,"column":25},"end":{"line":278,"column":64}},{"start":{"line":278,"column":68},"end":{"line":278,"column":70}}]},"12":{"loc":{"start":{"line":278,"column":25},"end":{"line":278,"column":64}},"type":"cond-expr","locations":[{"start":{"line":278,"column":49},"end":{"line":278,"column":51}},{"start":{"line":278,"column":49},"end":{"line":278,"column":64}}]},"13":{"loc":{"start":{"line":278,"column":25},"end":{"line":278,"column":51}},"type":"binary-expr","locations":[{"start":{"line":278,"column":25},"end":{"line":278,"column":51}},{"start":{"line":278,"column":49},"end":{"line":278,"column":51}}]},"14":{"loc":{"start":{"line":279,"column":23},"end":{"line":279,"column":50}},"type":"binary-expr","locations":[{"start":{"line":279,"column":23},"end":{"line":279,"column":45}},{"start":{"line":279,"column":49},"end":{"line":279,"column":50}}]},"15":{"loc":{"start":{"line":279,"column":23},"end":{"line":279,"column":45}},"type":"cond-expr","locations":[{"start":{"line":279,"column":38},"end":{"line":279,"column":40}},{"start":{"line":279,"column":38},"end":{"line":279,"column":45}}]},"16":{"loc":{"start":{"line":279,"column":23},"end":{"line":279,"column":40}},"type":"binary-expr","locations":[{"start":{"line":279,"column":23},"end":{"line":279,"column":40}},{"start":{"line":279,"column":38},"end":{"line":279,"column":40}}]},"17":{"loc":{"start":{"line":306,"column":4},"end":{"line":311,"column":5}},"type":"if","locations":[{"start":{"line":306,"column":4},"end":{"line":311,"column":5}}]},"18":{"loc":{"start":{"line":339,"column":21},"end":{"line":339,"column":66}},"type":"binary-expr","locations":[{"start":{"line":339,"column":21},"end":{"line":339,"column":60}},{"start":{"line":339,"column":64},"end":{"line":339,"column":66}}]},"19":{"loc":{"start":{"line":339,"column":21},"end":{"line":339,"column":60}},"type":"cond-expr","locations":[{"start":{"line":339,"column":45},"end":{"line":339,"column":47}},{"start":{"line":339,"column":45},"end":{"line":339,"column":60}}]},"20":{"loc":{"start":{"line":339,"column":21},"end":{"line":339,"column":47}},"type":"binary-expr","locations":[{"start":{"line":339,"column":21},"end":{"line":339,"column":47}},{"start":{"line":339,"column":45},"end":{"line":339,"column":47}}]},"21":{"loc":{"start":{"line":340,"column":20},"end":{"line":340,"column":55}},"type":"binary-expr","locations":[{"start":{"line":340,"column":20},"end":{"line":340,"column":49}},{"start":{"line":340,"column":53},"end":{"line":340,"column":55}}]},"22":{"loc":{"start":{"line":340,"column":20},"end":{"line":340,"column":49}},"type":"cond-expr","locations":[{"start":{"line":340,"column":43},"end":{"line":340,"column":45}},{"start":{"line":340,"column":43},"end":{"line":340,"column":49}}]},"23":{"loc":{"start":{"line":340,"column":20},"end":{"line":340,"column":45}},"type":"binary-expr","locations":[{"start":{"line":340,"column":20},"end":{"line":340,"column":45}},{"start":{"line":340,"column":43},"end":{"line":340,"column":45}}]},"24":{"loc":{"start":{"line":341,"column":19},"end":{"line":341,"column":56}},"type":"binary-expr","locations":[{"start":{"line":341,"column":19},"end":{"line":341,"column":51}},{"start":{"line":341,"column":55},"end":{"line":341,"column":56}}]},"25":{"loc":{"start":{"line":341,"column":19},"end":{"line":341,"column":51}},"type":"cond-expr","locations":[{"start":{"line":341,"column":33},"end":{"line":341,"column":35}},{"start":{"line":341,"column":33},"end":{"line":341,"column":51}}]},"26":{"loc":{"start":{"line":341,"column":19},"end":{"line":341,"column":35}},"type":"binary-expr","locations":[{"start":{"line":341,"column":19},"end":{"line":341,"column":35}},{"start":{"line":341,"column":33},"end":{"line":341,"column":35}}]},"27":{"loc":{"start":{"line":342,"column":15},"end":{"line":342,"column":48}},"type":"binary-expr","locations":[{"start":{"line":342,"column":15},"end":{"line":342,"column":43}},{"start":{"line":342,"column":47},"end":{"line":342,"column":48}}]},"28":{"loc":{"start":{"line":342,"column":15},"end":{"line":342,"column":43}},"type":"cond-expr","locations":[{"start":{"line":342,"column":29},"end":{"line":342,"column":31}},{"start":{"line":342,"column":29},"end":{"line":342,"column":43}}]},"29":{"loc":{"start":{"line":342,"column":15},"end":{"line":342,"column":31}},"type":"binary-expr","locations":[{"start":{"line":342,"column":15},"end":{"line":342,"column":31}},{"start":{"line":342,"column":29},"end":{"line":342,"column":31}}]},"30":{"loc":{"start":{"line":381,"column":6},"end":{"line":381,"column":21}},"type":"default-arg","locations":[{"start":{"line":381,"column":15},"end":{"line":381,"column":21}}]},"31":{"loc":{"start":{"line":382,"column":6},"end":{"line":382,"column":24}},"type":"default-arg","locations":[{"start":{"line":382,"column":18},"end":{"line":382,"column":24}}]},"32":{"loc":{"start":{"line":383,"column":6},"end":{"line":383,"column":14}},"type":"default-arg","locations":[{"start":{"line":383,"column":13},"end":{"line":383,"column":14}}]},"33":{"loc":{"start":{"line":384,"column":6},"end":{"line":384,"column":15}},"type":"default-arg","locations":[{"start":{"line":384,"column":14},"end":{"line":384,"column":15}}]},"34":{"loc":{"start":{"line":393,"column":4},"end":{"line":395,"column":5}},"type":"if","locations":[{"start":{"line":393,"column":4},"end":{"line":395,"column":5}}]},"35":{"loc":{"start":{"line":398,"column":4},"end":{"line":402,"column":5}},"type":"if","locations":[{"start":{"line":398,"column":4},"end":{"line":402,"column":5}}]},"36":{"loc":{"start":{"line":398,"column":8},"end":{"line":398,"column":28}},"type":"binary-expr","locations":[{"start":{"line":398,"column":8},"end":{"line":398,"column":17}},{"start":{"line":398,"column":21},"end":{"line":398,"column":28}}]},"37":{"loc":{"start":{"line":400,"column":6},"end":{"line":400,"column":69}},"type":"if","locations":[{"start":{"line":400,"column":6},"end":{"line":400,"column":69}}]},"38":{"loc":{"start":{"line":401,"column":6},"end":{"line":401,"column":65}},"type":"if","locations":[{"start":{"line":401,"column":6},"end":{"line":401,"column":65}}]},"39":{"loc":{"start":{"line":405,"column":4},"end":{"line":407,"column":5}},"type":"if","locations":[{"start":{"line":405,"column":4},"end":{"line":407,"column":5}}]},"40":{"loc":{"start":{"line":416,"column":37},"end":{"line":416,"column":66}},"type":"cond-expr","locations":[{"start":{"line":416,"column":60},"end":{"line":416,"column":62}},{"start":{"line":416,"column":65},"end":{"line":416,"column":66}}]},"41":{"loc":{"start":{"line":467,"column":4},"end":{"line":471,"column":5}},"type":"if","locations":[{"start":{"line":467,"column":4},"end":{"line":471,"column":5}}]},"42":{"loc":{"start":{"line":478,"column":25},"end":{"line":478,"column":58}},"type":"binary-expr","locations":[{"start":{"line":478,"column":25},"end":{"line":478,"column":53}},{"start":{"line":478,"column":57},"end":{"line":478,"column":58}}]},"43":{"loc":{"start":{"line":478,"column":25},"end":{"line":478,"column":53}},"type":"cond-expr","locations":[{"start":{"line":478,"column":39},"end":{"line":478,"column":41}},{"start":{"line":478,"column":39},"end":{"line":478,"column":53}}]},"44":{"loc":{"start":{"line":478,"column":25},"end":{"line":478,"column":41}},"type":"binary-expr","locations":[{"start":{"line":478,"column":25},"end":{"line":478,"column":41}},{"start":{"line":478,"column":39},"end":{"line":478,"column":41}}]},"45":{"loc":{"start":{"line":485,"column":24},"end":{"line":485,"column":54}},"type":"binary-expr","locations":[{"start":{"line":485,"column":24},"end":{"line":485,"column":49}},{"start":{"line":485,"column":53},"end":{"line":485,"column":54}}]},"46":{"loc":{"start":{"line":485,"column":24},"end":{"line":485,"column":49}},"type":"cond-expr","locations":[{"start":{"line":485,"column":42},"end":{"line":485,"column":44}},{"start":{"line":485,"column":42},"end":{"line":485,"column":49}}]},"47":{"loc":{"start":{"line":485,"column":24},"end":{"line":485,"column":44}},"type":"binary-expr","locations":[{"start":{"line":485,"column":24},"end":{"line":485,"column":44}},{"start":{"line":485,"column":42},"end":{"line":485,"column":44}}]}},"s":{"0":1,"1":1,"2":1,"3":1,"4":1,"5":1,"6":2,"7":2,"8":2,"9":2,"10":1,"11":1,"12":1,"13":0,"14":1,"15":1,"16":1,"17":1,"18":1,"19":1,"20":1,"21":0,"22":0,"23":1,"24":1,"25":1,"26":1,"27":1,"28":1,"29":0,"30":1,"31":1,"32":1,"33":1,"34":1,"35":1,"36":0,"37":1,"38":0,"39":1,"40":1,"41":0,"42":0,"43":0,"44":0,"45":0,"46":0,"47":0,"48":0,"49":0,"50":0,"51":0,"52":0,"53":0,"54":0,"55":0,"56":0,"57":0,"58":0,"59":0,"60":0,"61":0,"62":0,"63":0,"64":1,"65":1,"66":0,"67":0,"68":0,"69":0,"70":0,"71":0,"72":0,"73":1,"74":1,"75":1,"76":1,"77":1,"78":1,"79":1,"80":1,"81":1,"82":1,"83":1,"84":0,"85":1,"86":1,"87":1,"88":1,"89":1,"90":1,"91":1,"92":1,"93":1,"94":1,"95":1,"96":0,"97":1,"98":1,"99":1,"100":1,"101":1,"102":1,"103":1,"104":0,"105":1,"106":1,"107":1,"108":1,"109":0,"110":0,"111":1,"112":1,"113":1,"114":1,"115":1,"116":1,"117":1,"118":1,"119":0,"120":1,"121":0,"122":0,"123":0,"124":0,"125":0,"126":1,"127":0,"128":1,"129":1,"130":1,"131":1,"132":1,"133":1,"134":1,"135":1,"136":0,"137":1,"138":1,"139":1,"140":1,"141":1,"142":1,"143":1,"144":0,"145":1,"146":1,"147":1,"148":1,"149":1,"150":1,"151":0,"152":1},"f":{"0":2,"1":2,"2":1,"3":1,"4":1,"5":1,"6":0,"7":0,"8":0,"9":0,"10":1,"11":1,"12":1,"13":1,"14":1,"15":1,"16":1,"17":1,"18":1,"19":1,"20":1,"21":1},"b":{"0":[1],"1":[0],"2":[1,0],"3":[0],"4":[0,0],"5":[0,0],"6":[0],"7":[0],"8":[0],"9":[0],"10":[0],"11":[1,0],"12":[0,1],"13":[1,1],"14":[1,0],"15":[0,1],"16":[1,1],"17":[0],"18":[1,0],"19":[0,1],"20":[1,1],"21":[1,0],"22":[0,1],"23":[1,1],"24":[1,0],"25":[0,1],"26":[1,1],"27":[1,0],"28":[0,1],"29":[1,1],"30":[0],"31":[0],"32":[0],"33":[0],"34":[0],"35":[0],"36":[1,1],"37":[0],"38":[0],"39":[0],"40":[1,0],"41":[0],"42":[1,0],"43":[0,1],"44":[1,1],"45":[1,0],"46":[0,1],"47":[1,1]}}
,"D:\\Kuliah\\Semester 5\\Studi Independen\\Final Project ( GoEvent )\\backend\\src\\controllers\\loginOrganizer.ts": {"path":"D:\\Kuliah\\Semester 5\\Studi Independen\\Final Project ( GoEvent )\\backend\\src\\controllers\\loginOrganizer.ts","statementMap":{"0":{"start":{"line":2,"column":0},"end":{"line":2,"column":44}},"1":{"start":{"line":3,"column":0},"end":{"line":3,"column":47}},"2":{"start":{"line":4,"column":0},"end":{"line":4,"column":31}},"3":{"start":{"line":5,"column":0},"end":{"line":5,"column":29}},"4":{"start":{"line":7,"column":19},"end":{"line":7,"column":63}},"5":{"start":{"line":9,"column":30},"end":{"line":35,"column":null}},"6":{"start":{"line":9,"column":68},"end":{"line":35,"column":null}},"7":{"start":{"line":10,"column":32},"end":{"line":10,"column":40}},"8":{"start":{"line":13,"column":4},"end":{"line":34,"column":5}},"9":{"start":{"line":15,"column":26},"end":{"line":15,"column":60}},"10":{"start":{"line":17,"column":8},"end":{"line":19,"column":9}},"11":{"start":{"line":18,"column":12},"end":{"line":18,"column":86}},"12":{"start":{"line":21,"column":30},"end":{"line":21,"column":80}},"13":{"start":{"line":22,"column":8},"end":{"line":24,"column":9}},"14":{"start":{"line":23,"column":12},"end":{"line":23,"column":79}},"15":{"start":{"line":26,"column":23},"end":{"line":26,"column":32}},"16":{"start":{"line":28,"column":24},"end":{"line":28,"column":53}},"17":{"start":{"line":29,"column":22},"end":{"line":29,"column":73}},"18":{"start":{"line":31,"column":8},"end":{"line":31,"column":91}},"19":{"start":{"line":33,"column":8},"end":{"line":33,"column":88}},"20":{"start":{"line":9,"column":13},"end":{"line":9,"column":30}}},"fnMap":{"0":{"name":"(anonymous_8)","decl":{"start":{"line":9,"column":30},"end":{"line":9,"column":37}},"loc":{"start":{"line":9,"column":68},"end":{"line":35,"column":null}}},"1":{"name":"(anonymous_9)","decl":{"start":{"line":9,"column":68},"end":{"line":9,"column":null}},"loc":{"start":{"line":9,"column":68},"end":{"line":35,"column":1}}}},"branchMap":{"0":{"loc":{"start":{"line":7,"column":19},"end":{"line":7,"column":63}},"type":"binary-expr","locations":[{"start":{"line":7,"column":19},"end":{"line":7,"column":41}},{"start":{"line":7,"column":45},"end":{"line":7,"column":63}}]},"1":{"loc":{"start":{"line":17,"column":8},"end":{"line":19,"column":9}},"type":"if","locations":[{"start":{"line":17,"column":8},"end":{"line":19,"column":9}}]},"2":{"loc":{"start":{"line":22,"column":8},"end":{"line":24,"column":9}},"type":"if","locations":[{"start":{"line":22,"column":8},"end":{"line":24,"column":9}}]}},"s":{"0":1,"1":1,"2":1,"3":1,"4":1,"5":1,"6":4,"7":4,"8":4,"9":4,"10":3,"11":1,"12":2,"13":2,"14":1,"15":1,"16":1,"17":1,"18":1,"19":1,"20":1},"f":{"0":4,"1":4},"b":{"0":[1,1],"1":[1],"2":[1]}}
,"D:\\Kuliah\\Semester 5\\Studi Independen\\Final Project ( GoEvent )\\backend\\src\\controllers\\organizerController.ts": {"path":"D:\\Kuliah\\Semester 5\\Studi Independen\\Final Project ( GoEvent )\\backend\\src\\controllers\\organizerController.ts","statementMap":{"0":{"start":{"line":2,"column":0},"end":{"line":2,"column":44}},"1":{"start":{"line":3,"column":0},"end":{"line":3,"column":47}},"2":{"start":{"line":4,"column":0},"end":{"line":4,"column":36}},"3":{"start":{"line":5,"column":0},"end":{"line":5,"column":40}},"4":{"start":{"line":6,"column":0},"end":{"line":6,"column":30}},"5":{"start":{"line":8,"column":0},"end":{"line":8,"column":37}},"6":{"start":{"line":11,"column":29},"end":{"line":29,"column":2}},"7":{"start":{"line":11,"column":67},"end":{"line":29,"column":2}},"8":{"start":{"line":12,"column":2},"end":{"line":28,"column":3}},"9":{"start":{"line":13,"column":23},"end":{"line":13,"column":45}},"10":{"start":{"line":14,"column":4},"end":{"line":23,"column":8}},"11":{"start":{"line":25,"column":4},"end":{"line":27,"column":75}},"12":{"start":{"line":11,"column":13},"end":{"line":11,"column":29}},"13":{"start":{"line":32,"column":34},"end":{"line":40,"column":2}},"14":{"start":{"line":32,"column":72},"end":{"line":40,"column":2}},"15":{"start":{"line":33,"column":2},"end":{"line":39,"column":3}},"16":{"start":{"line":34,"column":22},"end":{"line":34,"column":65}},"17":{"start":{"line":36,"column":4},"end":{"line":36,"column":78}},"18":{"start":{"line":38,"column":4},"end":{"line":38,"column":80}},"19":{"start":{"line":32,"column":13},"end":{"line":32,"column":34}},"20":{"start":{"line":43,"column":32},"end":{"line":64,"column":2}},"21":{"start":{"line":43,"column":70},"end":{"line":64,"column":2}},"22":{"start":{"line":44,"column":22},"end":{"line":44,"column":35}},"23":{"start":{"line":47,"column":2},"end":{"line":63,"column":3}},"24":{"start":{"line":48,"column":22},"end":{"line":48,"column":59}},"25":{"start":{"line":49,"column":4},"end":{"line":53,"column":5}},"26":{"start":{"line":50,"column":6},"end":{"line":52,"column":68}},"27":{"start":{"line":54,"column":4},"end":{"line":58,"column":8}},"28":{"start":{"line":60,"column":4},"end":{"line":62,"column":75}},"29":{"start":{"line":43,"column":13},"end":{"line":43,"column":32}},"30":{"start":{"line":66,"column":33},"end":{"line":86,"column":2}},"31":{"start":{"line":66,"column":71},"end":{"line":86,"column":2}},"32":{"start":{"line":67,"column":2},"end":{"line":85,"column":3}},"33":{"start":{"line":68,"column":24},"end":{"line":68,"column":40}},"34":{"start":{"line":70,"column":22},"end":{"line":70,"column":59}},"35":{"start":{"line":71,"column":4},"end":{"line":75,"column":5}},"36":{"start":{"line":72,"column":6},"end":{"line":74,"column":68}},"37":{"start":{"line":76,"column":4},"end":{"line":80,"column":8}},"38":{"start":{"line":82,"column":4},"end":{"line":84,"column":71}},"39":{"start":{"line":66,"column":13},"end":{"line":66,"column":33}},"40":{"start":{"line":88,"column":42},"end":{"line":135,"column":2}},"41":{"start":{"line":91,"column":4},"end":{"line":135,"column":2}},"42":{"start":{"line":92,"column":2},"end":{"line":134,"column":3}},"43":{"start":{"line":93,"column":24},"end":{"line":93,"column":40}},"44":{"start":{"line":96,"column":19},"end":{"line":98,"column":25}},"45":{"start":{"line":101,"column":22},"end":{"line":121,"column":null}},"46":{"start":{"line":102,"column":33},"end":{"line":121,"column":8}},"47":{"start":{"line":103,"column":29},"end":{"line":106,"column":10}},"48":{"start":{"line":108,"column":20},"end":{"line":110,"column":40}},"49":{"start":{"line":112,"column":8},"end":{"line":120,"column":10}},"50":{"start":{"line":125,"column":4},"end":{"line":129,"column":8}},"51":{"start":{"line":131,"column":4},"end":{"line":133,"column":79}},"52":{"start":{"line":88,"column":13},"end":{"line":88,"column":42}},"53":{"start":{"line":138,"column":31},"end":{"line":177,"column":2}},"54":{"start":{"line":138,"column":69},"end":{"line":177,"column":2}},"55":{"start":{"line":147,"column":6},"end":{"line":147,"column":14}},"56":{"start":{"line":148,"column":2},"end":{"line":176,"column":3}},"57":{"start":{"line":149,"column":30},"end":{"line":149,"column":64}},"58":{"start":{"line":150,"column":4},"end":{"line":154,"column":5}},"59":{"start":{"line":151,"column":6},"end":{"line":153,"column":70}},"60":{"start":{"line":155,"column":25},"end":{"line":155,"column":56}},"61":{"start":{"line":157,"column":25},"end":{"line":165,"column":6}},"62":{"start":{"line":166,"column":4},"end":{"line":166,"column":30}},"63":{"start":{"line":167,"column":4},"end":{"line":171,"column":8}},"64":{"start":{"line":173,"column":4},"end":{"line":175,"column":75}},"65":{"start":{"line":138,"column":13},"end":{"line":138,"column":31}},"66":{"start":{"line":180,"column":31},"end":{"line":209,"column":2}},"67":{"start":{"line":180,"column":69},"end":{"line":209,"column":2}},"68":{"start":{"line":181,"column":22},"end":{"line":181,"column":35}},"69":{"start":{"line":182,"column":66},"end":{"line":182,"column":74}},"70":{"start":{"line":183,"column":2},"end":{"line":208,"column":3}},"71":{"start":{"line":184,"column":29},"end":{"line":187,"column":null}},"72":{"start":{"line":189,"column":4},"end":{"line":193,"column":5}},"73":{"start":{"line":190,"column":6},"end":{"line":192,"column":68}},"74":{"start":{"line":194,"column":4},"end":{"line":203,"column":8}},"75":{"start":{"line":205,"column":4},"end":{"line":207,"column":75}},"76":{"start":{"line":180,"column":13},"end":{"line":180,"column":31}},"77":{"start":{"line":211,"column":30},"end":{"line":247,"column":2}},"78":{"start":{"line":211,"column":68},"end":{"line":247,"column":2}},"79":{"start":{"line":212,"column":2},"end":{"line":246,"column":3}},"80":{"start":{"line":213,"column":44},"end":{"line":213,"column":52}},"81":{"start":{"line":214,"column":24},"end":{"line":214,"column":40}},"82":{"start":{"line":216,"column":25},"end":{"line":216,"column":62}},"83":{"start":{"line":218,"column":4},"end":{"line":222,"column":5}},"84":{"start":{"line":219,"column":6},"end":{"line":221,"column":69}},"85":{"start":{"line":224,"column":15},"end":{"line":224,"column":68}},"86":{"start":{"line":225,"column":4},"end":{"line":229,"column":5}},"87":{"start":{"line":226,"column":6},"end":{"line":228,"column":79}},"88":{"start":{"line":231,"column":4},"end":{"line":235,"column":5}},"89":{"start":{"line":232,"column":6},"end":{"line":234,"column":73}},"90":{"start":{"line":237,"column":19},"end":{"line":237,"column":48}},"91":{"start":{"line":238,"column":4},"end":{"line":238,"column":35}},"92":{"start":{"line":239,"column":4},"end":{"line":239,"column":30}},"93":{"start":{"line":240,"column":4},"end":{"line":240,"column":77}},"94":{"start":{"line":243,"column":4},"end":{"line":245,"column":69}},"95":{"start":{"line":211,"column":13},"end":{"line":211,"column":30}},"96":{"start":{"line":249,"column":35},"end":{"line":278,"column":2}},"97":{"start":{"line":249,"column":73},"end":{"line":278,"column":2}},"98":{"start":{"line":250,"column":22},"end":{"line":250,"column":38}},"99":{"start":{"line":251,"column":58},"end":{"line":251,"column":66}},"100":{"start":{"line":252,"column":2},"end":{"line":277,"column":3}},"101":{"start":{"line":253,"column":29},"end":{"line":256,"column":null}},"102":{"start":{"line":258,"column":4},"end":{"line":262,"column":5}},"103":{"start":{"line":259,"column":6},"end":{"line":261,"column":68}},"104":{"start":{"line":263,"column":4},"end":{"line":272,"column":8}},"105":{"start":{"line":274,"column":4},"end":{"line":276,"column":75}},"106":{"start":{"line":249,"column":13},"end":{"line":249,"column":35}},"107":{"start":{"line":281,"column":31},"end":{"line":296,"column":2}},"108":{"start":{"line":281,"column":69},"end":{"line":296,"column":2}},"109":{"start":{"line":282,"column":22},"end":{"line":282,"column":35}},"110":{"start":{"line":283,"column":2},"end":{"line":295,"column":3}},"111":{"start":{"line":284,"column":29},"end":{"line":284,"column":75}},"112":{"start":{"line":285,"column":4},"end":{"line":289,"column":5}},"113":{"start":{"line":286,"column":6},"end":{"line":288,"column":68}},"114":{"start":{"line":290,"column":4},"end":{"line":290,"column":79}},"115":{"start":{"line":292,"column":4},"end":{"line":294,"column":73}},"116":{"start":{"line":281,"column":13},"end":{"line":281,"column":31}},"117":{"start":{"line":298,"column":36},"end":{"line":383,"column":2}},"118":{"start":{"line":298,"column":74},"end":{"line":383,"column":2}},"119":{"start":{"line":299,"column":2},"end":{"line":382,"column":3}},"120":{"start":{"line":300,"column":24},"end":{"line":300,"column":40}},"121":{"start":{"line":312,"column":8},"end":{"line":312,"column":17}},"122":{"start":{"line":315,"column":21},"end":{"line":315,"column":47}},"123":{"start":{"line":319,"column":4},"end":{"line":321,"column":5}},"124":{"start":{"line":320,"column":6},"end":{"line":320,"column":28}},"125":{"start":{"line":324,"column":4},"end":{"line":328,"column":5}},"126":{"start":{"line":325,"column":6},"end":{"line":325,"column":22}},"127":{"start":{"line":326,"column":6},"end":{"line":326,"column":69}},"128":{"start":{"line":326,"column":21},"end":{"line":326,"column":69}},"129":{"start":{"line":327,"column":6},"end":{"line":327,"column":65}},"130":{"start":{"line":327,"column":19},"end":{"line":327,"column":65}},"131":{"start":{"line":331,"column":4},"end":{"line":333,"column":5}},"132":{"start":{"line":332,"column":6},"end":{"line":332,"column":32}},"133":{"start":{"line":336,"column":17},"end":{"line":336,"column":51}},"134":{"start":{"line":339,"column":18},"end":{"line":339,"column":51}},"135":{"start":{"line":342,"column":37},"end":{"line":342,"column":66}},"136":{"start":{"line":343,"column":54},"end":{"line":345,"column":6}},"137":{"start":{"line":348,"column":19},"end":{"line":354,"column":13}},"138":{"start":{"line":356,"column":4},"end":{"line":356,"column":41}},"139":{"start":{"line":358,"column":21},"end":{"line":358,"column":53}},"140":{"start":{"line":360,"column":21},"end":{"line":369,"column":6}},"141":{"start":{"line":371,"column":4},"end":{"line":375,"column":8}},"142":{"start":{"line":377,"column":4},"end":{"line":381,"column":8}},"143":{"start":{"line":298,"column":13},"end":{"line":298,"column":36}},"144":{"start":{"line":386,"column":33},"end":{"line":439,"column":2}},"145":{"start":{"line":386,"column":71},"end":{"line":439,"column":2}},"146":{"start":{"line":387,"column":2},"end":{"line":438,"column":3}},"147":{"start":{"line":388,"column":24},"end":{"line":388,"column":41}},"148":{"start":{"line":390,"column":19},"end":{"line":390,"column":63}},"149":{"start":{"line":392,"column":4},"end":{"line":402,"column":5}},"150":{"start":{"line":393,"column":6},"end":{"line":401,"column":10}},"151":{"start":{"line":404,"column":18},"end":{"line":419,"column":6}},"152":{"start":{"line":407,"column":46},"end":{"line":407,"column":55}},"153":{"start":{"line":421,"column":19},"end":{"line":425,"column":6}},"154":{"start":{"line":427,"column":4},"end":{"line":433,"column":6}},"155":{"start":{"line":435,"column":4},"end":{"line":437,"column":80}},"156":{"start":{"line":386,"column":13},"end":{"line":386,"column":33}}},"fnMap":{"0":{"name":"(anonymous_8)","decl":{"start":{"line":11,"column":29},"end":{"line":11,"column":36}},"loc":{"start":{"line":11,"column":67},"end":{"line":29,"column":2}}},"1":{"name":"(anonymous_9)","decl":{"start":{"line":11,"column":67},"end":{"line":11,"column":null}},"loc":{"start":{"line":11,"column":67},"end":{"line":29,"column":1}}},"2":{"name":"(anonymous_10)","decl":{"start":{"line":32,"column":34},"end":{"line":32,"column":41}},"loc":{"start":{"line":32,"column":72},"end":{"line":40,"column":2}}},"3":{"name":"(anonymous_11)","decl":{"start":{"line":32,"column":72},"end":{"line":32,"column":null}},"loc":{"start":{"line":32,"column":72},"end":{"line":40,"column":1}}},"4":{"name":"(anonymous_12)","decl":{"start":{"line":43,"column":32},"end":{"line":43,"column":39}},"loc":{"start":{"line":43,"column":70},"end":{"line":64,"column":2}}},"5":{"name":"(anonymous_13)","decl":{"start":{"line":43,"column":70},"end":{"line":43,"column":null}},"loc":{"start":{"line":43,"column":70},"end":{"line":64,"column":1}}},"6":{"name":"(anonymous_14)","decl":{"start":{"line":66,"column":33},"end":{"line":66,"column":40}},"loc":{"start":{"line":66,"column":71},"end":{"line":86,"column":2}}},"7":{"name":"(anonymous_15)","decl":{"start":{"line":66,"column":71},"end":{"line":66,"column":null}},"loc":{"start":{"line":66,"column":71},"end":{"line":86,"column":1}}},"8":{"name":"(anonymous_16)","decl":{"start":{"line":88,"column":42},"end":{"line":88,"column":null}},"loc":{"start":{"line":91,"column":4},"end":{"line":135,"column":2}}},"9":{"name":"(anonymous_17)","decl":{"start":{"line":91,"column":4},"end":{"line":91,"column":null}},"loc":{"start":{"line":91,"column":4},"end":{"line":135,"column":1}}},"10":{"name":"(anonymous_18)","decl":{"start":{"line":102,"column":17},"end":{"line":102,"column":24}},"loc":{"start":{"line":102,"column":33},"end":{"line":121,"column":8}}},"11":{"name":"(anonymous_19)","decl":{"start":{"line":102,"column":33},"end":{"line":102,"column":null}},"loc":{"start":{"line":102,"column":33},"end":{"line":121,"column":7}}},"12":{"name":"(anonymous_20)","decl":{"start":{"line":138,"column":31},"end":{"line":138,"column":38}},"loc":{"start":{"line":138,"column":69},"end":{"line":177,"column":2}}},"13":{"name":"(anonymous_21)","decl":{"start":{"line":138,"column":69},"end":{"line":138,"column":null}},"loc":{"start":{"line":138,"column":69},"end":{"line":177,"column":1}}},"14":{"name":"(anonymous_22)","decl":{"start":{"line":180,"column":31},"end":{"line":180,"column":38}},"loc":{"start":{"line":180,"column":69},"end":{"line":209,"column":2}}},"15":{"name":"(anonymous_23)","decl":{"start":{"line":180,"column":69},"end":{"line":180,"column":null}},"loc":{"start":{"line":180,"column":69},"end":{"line":209,"column":1}}},"16":{"name":"(anonymous_24)","decl":{"start":{"line":211,"column":30},"end":{"line":211,"column":37}},"loc":{"start":{"line":211,"column":68},"end":{"line":247,"column":2}}},"17":{"name":"(anonymous_25)","decl":{"start":{"line":211,"column":68},"end":{"line":211,"column":null}},"loc":{"start":{"line":211,"column":68},"end":{"line":247,"column":1}}},"18":{"name":"(anonymous_26)","decl":{"start":{"line":249,"column":35},"end":{"line":249,"column":42}},"loc":{"start":{"line":249,"column":73},"end":{"line":278,"column":2}}},"19":{"name":"(anonymous_27)","decl":{"start":{"line":249,"column":73},"end":{"line":249,"column":null}},"loc":{"start":{"line":249,"column":73},"end":{"line":278,"column":1}}},"20":{"name":"(anonymous_28)","decl":{"start":{"line":281,"column":31},"end":{"line":281,"column":38}},"loc":{"start":{"line":281,"column":69},"end":{"line":296,"column":2}}},"21":{"name":"(anonymous_29)","decl":{"start":{"line":281,"column":69},"end":{"line":281,"column":null}},"loc":{"start":{"line":281,"column":69},"end":{"line":296,"column":1}}},"22":{"name":"(anonymous_30)","decl":{"start":{"line":298,"column":36},"end":{"line":298,"column":43}},"loc":{"start":{"line":298,"column":74},"end":{"line":383,"column":2}}},"23":{"name":"(anonymous_31)","decl":{"start":{"line":298,"column":74},"end":{"line":298,"column":null}},"loc":{"start":{"line":298,"column":74},"end":{"line":383,"column":1}}},"24":{"name":"(anonymous_32)","decl":{"start":{"line":386,"column":33},"end":{"line":386,"column":40}},"loc":{"start":{"line":386,"column":71},"end":{"line":439,"column":2}}},"25":{"name":"(anonymous_33)","decl":{"start":{"line":386,"column":71},"end":{"line":386,"column":null}},"loc":{"start":{"line":386,"column":71},"end":{"line":439,"column":1}}},"26":{"name":"(anonymous_34)","decl":{"start":{"line":407,"column":35},"end":{"line":407,"column":36}},"loc":{"start":{"line":407,"column":46},"end":{"line":407,"column":55}}}},"branchMap":{"0":{"loc":{"start":{"line":49,"column":4},"end":{"line":53,"column":5}},"type":"if","locations":[{"start":{"line":49,"column":4},"end":{"line":53,"column":5}}]},"1":{"loc":{"start":{"line":71,"column":4},"end":{"line":75,"column":5}},"type":"if","locations":[{"start":{"line":71,"column":4},"end":{"line":75,"column":5}}]},"2":{"loc":{"start":{"line":118,"column":25},"end":{"line":118,"column":70}},"type":"binary-expr","locations":[{"start":{"line":118,"column":25},"end":{"line":118,"column":64}},{"start":{"line":118,"column":68},"end":{"line":118,"column":70}}]},"3":{"loc":{"start":{"line":118,"column":25},"end":{"line":118,"column":64}},"type":"cond-expr","locations":[{"start":{"line":118,"column":49},"end":{"line":118,"column":51}},{"start":{"line":118,"column":49},"end":{"line":118,"column":64}}]},"4":{"loc":{"start":{"line":118,"column":25},"end":{"line":118,"column":51}},"type":"binary-expr","locations":[{"start":{"line":118,"column":25},"end":{"line":118,"column":51}},{"start":{"line":118,"column":49},"end":{"line":118,"column":51}}]},"5":{"loc":{"start":{"line":119,"column":23},"end":{"line":119,"column":50}},"type":"binary-expr","locations":[{"start":{"line":119,"column":23},"end":{"line":119,"column":45}},{"start":{"line":119,"column":49},"end":{"line":119,"column":50}}]},"6":{"loc":{"start":{"line":119,"column":23},"end":{"line":119,"column":45}},"type":"cond-expr","locations":[{"start":{"line":119,"column":38},"end":{"line":119,"column":40}},{"start":{"line":119,"column":38},"end":{"line":119,"column":45}}]},"7":{"loc":{"start":{"line":119,"column":23},"end":{"line":119,"column":40}},"type":"binary-expr","locations":[{"start":{"line":119,"column":23},"end":{"line":119,"column":40}},{"start":{"line":119,"column":38},"end":{"line":119,"column":40}}]},"8":{"loc":{"start":{"line":150,"column":4},"end":{"line":154,"column":5}},"type":"if","locations":[{"start":{"line":150,"column":4},"end":{"line":154,"column":5}}]},"9":{"loc":{"start":{"line":189,"column":4},"end":{"line":193,"column":5}},"type":"if","locations":[{"start":{"line":189,"column":4},"end":{"line":193,"column":5}}]},"10":{"loc":{"start":{"line":218,"column":4},"end":{"line":222,"column":5}},"type":"if","locations":[{"start":{"line":218,"column":4},"end":{"line":222,"column":5}}]},"11":{"loc":{"start":{"line":225,"column":4},"end":{"line":229,"column":5}},"type":"if","locations":[{"start":{"line":225,"column":4},"end":{"line":229,"column":5}}]},"12":{"loc":{"start":{"line":231,"column":4},"end":{"line":235,"column":5}},"type":"if","locations":[{"start":{"line":231,"column":4},"end":{"line":235,"column":5}}]},"13":{"loc":{"start":{"line":258,"column":4},"end":{"line":262,"column":5}},"type":"if","locations":[{"start":{"line":258,"column":4},"end":{"line":262,"column":5}}]},"14":{"loc":{"start":{"line":285,"column":4},"end":{"line":289,"column":5}},"type":"if","locations":[{"start":{"line":285,"column":4},"end":{"line":289,"column":5}}]},"15":{"loc":{"start":{"line":307,"column":6},"end":{"line":307,"column":21}},"type":"default-arg","locations":[{"start":{"line":307,"column":15},"end":{"line":307,"column":21}}]},"16":{"loc":{"start":{"line":308,"column":6},"end":{"line":308,"column":24}},"type":"default-arg","locations":[{"start":{"line":308,"column":18},"end":{"line":308,"column":24}}]},"17":{"loc":{"start":{"line":309,"column":6},"end":{"line":309,"column":14}},"type":"default-arg","locations":[{"start":{"line":309,"column":13},"end":{"line":309,"column":14}}]},"18":{"loc":{"start":{"line":310,"column":6},"end":{"line":310,"column":16}},"type":"default-arg","locations":[{"start":{"line":310,"column":14},"end":{"line":310,"column":16}}]},"19":{"loc":{"start":{"line":319,"column":4},"end":{"line":321,"column":5}},"type":"if","locations":[{"start":{"line":319,"column":4},"end":{"line":321,"column":5}}]},"20":{"loc":{"start":{"line":324,"column":4},"end":{"line":328,"column":5}},"type":"if","locations":[{"start":{"line":324,"column":4},"end":{"line":328,"column":5}}]},"21":{"loc":{"start":{"line":324,"column":8},"end":{"line":324,"column":28}},"type":"binary-expr","locations":[{"start":{"line":324,"column":8},"end":{"line":324,"column":17}},{"start":{"line":324,"column":21},"end":{"line":324,"column":28}}]},"22":{"loc":{"start":{"line":326,"column":6},"end":{"line":326,"column":69}},"type":"if","locations":[{"start":{"line":326,"column":6},"end":{"line":326,"column":69}}]},"23":{"loc":{"start":{"line":327,"column":6},"end":{"line":327,"column":65}},"type":"if","locations":[{"start":{"line":327,"column":6},"end":{"line":327,"column":65}}]},"24":{"loc":{"start":{"line":331,"column":4},"end":{"line":333,"column":5}},"type":"if","locations":[{"start":{"line":331,"column":4},"end":{"line":333,"column":5}}]},"25":{"loc":{"start":{"line":342,"column":37},"end":{"line":342,"column":66}},"type":"cond-expr","locations":[{"start":{"line":342,"column":60},"end":{"line":342,"column":62}},{"start":{"line":342,"column":65},"end":{"line":342,"column":66}}]},"26":{"loc":{"start":{"line":392,"column":4},"end":{"line":402,"column":5}},"type":"if","locations":[{"start":{"line":392,"column":4},"end":{"line":402,"column":5}}]},"27":{"loc":{"start":{"line":392,"column":8},"end":{"line":392,"column":38}},"type":"binary-expr","locations":[{"start":{"line":392,"column":8},"end":{"line":392,"column":15}},{"start":{"line":392,"column":19},"end":{"line":392,"column":38}}]},"28":{"loc":{"start":{"line":421,"column":19},"end":{"line":425,"column":6}},"type":"binary-expr","locations":[{"start":{"line":421,"column":19},"end":{"line":421,"column":27}},{"start":{"line":421,"column":31},"end":{"line":425,"column":6}}]}},"s":{"0":1,"1":1,"2":1,"3":1,"4":1,"5":1,"6":1,"7":2,"8":2,"9":2,"10":1,"11":1,"12":1,"13":1,"14":2,"15":2,"16":2,"17":1,"18":1,"19":1,"20":1,"21":3,"22":3,"23":3,"24":3,"25":2,"26":1,"27":1,"28":1,"29":1,"30":1,"31":2,"32":2,"33":2,"34":2,"35":2,"36":1,"37":1,"38":0,"39":1,"40":1,"41":1,"42":1,"43":1,"44":1,"45":0,"46":0,"47":0,"48":0,"49":0,"50":0,"51":1,"52":1,"53":1,"54":2,"55":2,"56":2,"57":2,"58":2,"59":1,"60":1,"61":1,"62":1,"63":1,"64":0,"65":1,"66":1,"67":3,"68":3,"69":3,"70":3,"71":3,"72":2,"73":1,"74":1,"75":1,"76":1,"77":1,"78":2,"79":2,"80":2,"81":2,"82":2,"83":2,"84":0,"85":2,"86":2,"87":1,"88":1,"89":0,"90":1,"91":1,"92":1,"93":1,"94":0,"95":1,"96":1,"97":2,"98":2,"99":2,"100":2,"101":2,"102":2,"103":1,"104":1,"105":0,"106":1,"107":1,"108":2,"109":2,"110":2,"111":2,"112":2,"113":1,"114":1,"115":0,"116":1,"117":1,"118":0,"119":0,"120":0,"121":0,"122":0,"123":0,"124":0,"125":0,"126":0,"127":0,"128":0,"129":0,"130":0,"131":0,"132":0,"133":0,"134":0,"135":0,"136":0,"137":0,"138":0,"139":0,"140":0,"141":0,"142":0,"143":1,"144":1,"145":2,"146":2,"147":2,"148":2,"149":2,"150":1,"151":1,"152":2,"153":1,"154":1,"155":0,"156":1},"f":{"0":2,"1":2,"2":2,"3":2,"4":3,"5":3,"6":2,"7":2,"8":1,"9":1,"10":0,"11":0,"12":2,"13":2,"14":3,"15":3,"16":2,"17":2,"18":2,"19":2,"20":2,"21":2,"22":0,"23":0,"24":2,"25":2,"26":2},"b":{"0":[1],"1":[1],"2":[0,0],"3":[0,0],"4":[0,0],"5":[0,0],"6":[0,0],"7":[0,0],"8":[1],"9":[1],"10":[0],"11":[1],"12":[0],"13":[1],"14":[1],"15":[0],"16":[0],"17":[0],"18":[0],"19":[0],"20":[0],"21":[0,0],"22":[0],"23":[0],"24":[0],"25":[0,0],"26":[1],"27":[2,2],"28":[1,0]}}
,"D:\\Kuliah\\Semester 5\\Studi Independen\\Final Project ( GoEvent )\\backend\\src\\controllers\\paymentController.ts": {"path":"D:\\Kuliah\\Semester 5\\Studi Independen\\Final Project ( GoEvent )\\backend\\src\\controllers\\paymentController.ts","statementMap":{"0":{"start":{"line":2,"column":0},"end":{"line":2,"column":36}},"1":{"start":{"line":3,"column":0},"end":{"line":3,"column":47}},"2":{"start":{"line":4,"column":0},"end":{"line":4,"column":40}},"3":{"start":{"line":5,"column":0},"end":{"line":5,"column":38}},"4":{"start":{"line":6,"column":0},"end":{"line":6,"column":38}},"5":{"start":{"line":7,"column":0},"end":{"line":7,"column":28}},"6":{"start":{"line":9,"column":41},"end":{"line":117,"column":2}},"7":{"start":{"line":12,"column":4},"end":{"line":117,"column":2}},"8":{"start":{"line":13,"column":2},"end":{"line":116,"column":3}},"9":{"start":{"line":15,"column":19},"end":{"line":17,"column":31}},"10":{"start":{"line":19,"column":4},"end":{"line":19,"column":24}},"11":{"start":{"line":21,"column":4},"end":{"line":27,"column":5}},"12":{"start":{"line":22,"column":6},"end":{"line":26,"column":10}},"13":{"start":{"line":29,"column":21},"end":{"line":29,"column":53}},"14":{"start":{"line":29,"column":43},"end":{"line":29,"column":52}},"15":{"start":{"line":31,"column":25},"end":{"line":53,"column":6}},"16":{"start":{"line":55,"column":23},"end":{"line":68,"column":6}},"17":{"start":{"line":71,"column":28},"end":{"line":71,"column":30}},"18":{"start":{"line":72,"column":4},"end":{"line":79,"column":5}},"19":{"start":{"line":72,"column":21},"end":{"line":72,"column":22}},"20":{"start":{"line":73,"column":20},"end":{"line":73,"column":73}},"21":{"start":{"line":73,"column":48},"end":{"line":73,"column":72}},"22":{"start":{"line":74,"column":6},"end":{"line":78,"column":9}},"23":{"start":{"line":82,"column":19},"end":{"line":97,"column":6}},"24":{"start":{"line":100,"column":19},"end":{"line":105,"column":6}},"25":{"start":{"line":107,"column":4},"end":{"line":109,"column":71}},"26":{"start":{"line":111,"column":4},"end":{"line":115,"column":8}},"27":{"start":{"line":9,"column":13},"end":{"line":9,"column":41}},"28":{"start":{"line":119,"column":33},"end":{"line":132,"column":2}},"29":{"start":{"line":119,"column":61},"end":{"line":132,"column":2}},"30":{"start":{"line":120,"column":17},"end":{"line":120,"column":22}},"31":{"start":{"line":121,"column":19},"end":{"line":121,"column":21}},"32":{"start":{"line":123,"column":2},"end":{"line":129,"column":3}},"33":{"start":{"line":124,"column":4},"end":{"line":124,"column":70}},"34":{"start":{"line":125,"column":27},"end":{"line":125,"column":69}},"35":{"start":{"line":126,"column":4},"end":{"line":128,"column":5}},"36":{"start":{"line":127,"column":6},"end":{"line":127,"column":22}},"37":{"start":{"line":131,"column":2},"end":{"line":131,"column":20}},"38":{"start":{"line":134,"column":23},"end":{"line":190,"column":2}},"39":{"start":{"line":134,"column":61},"end":{"line":190,"column":2}},"40":{"start":{"line":135,"column":17},"end":{"line":135,"column":27}},"41":{"start":{"line":136,"column":16},"end":{"line":136,"column":40}},"42":{"start":{"line":138,"column":2},"end":{"line":142,"column":3}},"43":{"start":{"line":139,"column":4},"end":{"line":141,"column":63}},"44":{"start":{"line":144,"column":2},"end":{"line":189,"column":3}},"45":{"start":{"line":145,"column":25},"end":{"line":145,"column":33}},"46":{"start":{"line":146,"column":19},"end":{"line":146,"column":41}},"47":{"start":{"line":147,"column":21},"end":{"line":147,"column":42}},"48":{"start":{"line":149,"column":23},"end":{"line":156,"column":6}},"49":{"start":{"line":157,"column":4},"end":{"line":157,"column":28}},"50":{"start":{"line":159,"column":30},"end":{"line":177,"column":6}},"51":{"start":{"line":179,"column":29},"end":{"line":179,"column":76}},"52":{"start":{"line":181,"column":4},"end":{"line":186,"column":6}},"53":{"start":{"line":188,"column":4},"end":{"line":188,"column":73}},"54":{"start":{"line":134,"column":13},"end":{"line":134,"column":23}},"55":{"start":{"line":192,"column":36},"end":{"line":288,"column":2}},"56":{"start":{"line":192,"column":74},"end":{"line":288,"column":2}},"57":{"start":{"line":193,"column":23},"end":{"line":193,"column":31}},"58":{"start":{"line":194,"column":2},"end":{"line":194,"column":40}},"59":{"start":{"line":196,"column":2},"end":{"line":287,"column":3}},"60":{"start":{"line":197,"column":30},"end":{"line":197,"column":54}},"61":{"start":{"line":198,"column":20},"end":{"line":198,"column":41}},"62":{"start":{"line":200,"column":20},"end":{"line":201,"column":null}},"63":{"start":{"line":204,"column":18},"end":{"line":204,"column":66}},"64":{"start":{"line":205,"column":4},"end":{"line":209,"column":5}},"65":{"start":{"line":206,"column":6},"end":{"line":208,"column":70}},"66":{"start":{"line":211,"column":4},"end":{"line":215,"column":5}},"67":{"start":{"line":212,"column":6},"end":{"line":214,"column":75}},"68":{"start":{"line":218,"column":4},"end":{"line":275,"column":5}},"69":{"start":{"line":219,"column":6},"end":{"line":230,"column":7}},"70":{"start":{"line":220,"column":8},"end":{"line":220,"column":40}},"71":{"start":{"line":221,"column":8},"end":{"line":225,"column":10}},"72":{"start":{"line":227,"column":8},"end":{"line":229,"column":78}},"73":{"start":{"line":232,"column":6},"end":{"line":232,"column":37}},"74":{"start":{"line":235,"column":22},"end":{"line":235,"column":24}},"75":{"start":{"line":236,"column":6},"end":{"line":250,"column":7}},"
[...]
,"D:\\Kuliah\\Semester 5\\Studi Independen\\Final Project ( GoEvent )\\backend\\src\\controllers\\ticketController.ts": {"path":"D:\\Kuliah\\Semester 5\\Studi Independen\\Final Project ( GoEvent )\\backend\\src\\controllers\\ticketController.ts","statementMap":{"0":{"start":{"line":2,"column":0},"end":{"line":2,"column":38}},"1":{"start":{"line":3,"column":0},"end":{"line":3,"column":47}},"2":{"start":{"line":32,"column":34},"end":{"line":65,"column":2}},"3":{"start":{"line":32,"column":72},"end":{"line":65,"column":2}},"4":{"start":{"line":33,"column":2},"end":{"line":64,"column":3}},"5":{"start":{"line":35,"column":20},"end":{"line":52,"column":77}},"6":{"start":{"line":52,"column":25},"end":{"line":52,"column":76}},"7":{"start":{"line":52,"column":52},"end":{"line":52,"column":75}},"8":{"start":{"line":55,"column":4},"end":{"line":57,"column":5}},"9":{"start":{"line":56,"column":6},"end":{"line":56,"column":75}},"10":{"start":{"line":59,"column":4},"end":{"line":61,"column":74}},"11":{"start":{"line":63,"column":4},"end":{"line":63,"column":78}},"12":{"start":{"line":32,"column":13},"end":{"line":32,"column":34}},"13":{"start":{"line":67,"column":36},"end":{"line":92,"column":2}},"14":{"start":{"line":67,"column":74},"end":{"line":92,"column":2}},"15":{"start":{"line":68,"column":17},"end":{"line":68,"column":27}},"16":{"start":{"line":69,"column":2},"end":{"line":91,"column":3}},"17":{"start":{"line":70,"column":19},"end":{"line":83,"column":6}},"18":{"start":{"line":85,"column":4},"end":{"line":87,"column":5}},"19":{"start":{"line":86,"column":6},"end":{"line":86,"column":74}},"20":{"start":{"line":88,"column":4},"end":{"line":88,"column":68}},"21":{"start":{"line":90,"column":4},"end":{"line":90,"column":77}},"22":{"start":{"line":67,"column":13},"end":{"line":67,"column":36}},"23":{"start":{"line":94,"column":32},"end":{"line":110,"column":2}},"24":{"start":{"line":94,"column":70},"end":{"line":110,"column":2}},"25":{"start":{"line":95,"column":2},"end":{"line":109,"column":3}},"26":{"start":{"line":97,"column":19},"end":{"line":97,"column":44}},"27":{"start":{"line":100,"column":4},"end":{"line":104,"column":5}},"28":{"start":{"line":101,"column":6},"end":{"line":103,"column":64}},"29":{"start":{"line":106,"column":4},"end":{"line":106,"column":80}},"30":{"start":{"line":108,"column":4},"end":{"line":108,"column":78}},"31":{"start":{"line":94,"column":13},"end":{"line":94,"column":32}}},"fnMap":{"0":{"name":"(anonymous_8)","decl":{"start":{"line":32,"column":34},"end":{"line":32,"column":41}},"loc":{"start":{"line":32,"column":72},"end":{"line":65,"column":2}}},"1":{"name":"(anonymous_9)","decl":{"start":{"line":32,"column":72},"end":{"line":32,"column":null}},"loc":{"start":{"line":32,"column":72},"end":{"line":65,"column":1}}},"2":{"name":"(anonymous_10)","decl":{"start":{"line":52,"column":12},"end":{"line":52,"column":13}},"loc":{"start":{"line":52,"column":25},"end":{"line":52,"column":76}}},"3":{"name":"(anonymous_11)","decl":{"start":{"line":52,"column":40},"end":{"line":52,"column":41}},"loc":{"start":{"line":52,"column":52},"end":{"line":52,"column":75}}},"4":{"name":"(anonymous_12)","decl":{"start":{"line":67,"column":36},"end":{"line":67,"column":43}},"loc":{"start":{"line":67,"column":74},"end":{"line":92,"column":2}}},"5":{"name":"(anonymous_13)","decl":{"start":{"line":67,"column":74},"end":{"line":67,"column":null}},"loc":{"start":{"line":67,"column":74},"end":{"line":92,"column":1}}},"6":{"name":"(anonymous_14)","decl":{"start":{"line":94,"column":32},"end":{"line":94,"column":39}},"loc":{"start":{"line":94,"column":70},"end":{"line":110,"column":2}}},"7":{"name":"(anonymous_15)","decl":{"start":{"line":94,"column":70},"end":{"line":94,"column":null}},"loc":{"start":{"line":94,"column":70},"end":{"line":110,"column":1}}}},"branchMap":{"0":{"loc":{"start":{"line":55,"column":4},"end":{"line":57,"column":5}},"type":"if","locations":[{"start":{"line":55,"column":4},"end":{"line":57,"column":5}}]},"1":{"loc":{"start":{"line":85,"column":4},"end":{"line":87,"column":5}},"type":"if","locations":[{"start":{"line":85,"column":4},"end":{"line":87,"column":5}}]},"2":{"loc":{"start":{"line":100,"column":4},"end":{"line":104,"column":5}},"type":"if","locations":[{"start":{"line":100,"column":4},"end":{"line":104,"column":5}}]}},"s":{"0":1,"1":1,"2":1,"3":3,"4":3,"5":3,"6":2,"7":1,"8":2,"9":1,"10":1,"11":1,"12":1,"13":1,"14":3,"15":3,"16":3,"17":3,"18":2,"19":1,"20":1,"21":1,"22":1,"23":1,"24":3,"25":3,"26":3,"27":2,"28":1,"29":1,"30":1,"31":1},"f":{"0":3,"1":3,"2":2,"3":1,"4":3,"5":3,"6":3,"7":3},"b":{"0":[1],"1":[1],"2":[1]}}
,"D:\\Kuliah\\Semester 5\\Studi Independen\\Final Project ( GoEvent )\\backend\\src\\controllers\\userController.ts": {"path":"D:\\Kuliah\\Semester 5\\Studi Independen\\Final Project ( GoEvent )\\backend\\src\\controllers\\userController.ts","statementMap":{"0":{"start":{"line":3,"column":0},"end":{"line":3,"column":34}},"1":{"start":{"line":4,"column":0},"end":{"line":4,"column":28}},"2":{"start":{"line":5,"column":0},"end":{"line":5,"column":47}},"3":{"start":{"line":6,"column":0},"end":{"line":6,"column":30}},"4":{"start":{"line":8,"column":0},"end":{"line":8,"column":16}},"5":{"start":{"line":11,"column":24},"end":{"line":20,"column":2}},"6":{"start":{"line":11,"column":62},"end":{"line":20,"column":2}},"7":{"start":{"line":12,"column":2},"end":{"line":19,"column":3}},"8":{"start":{"line":13,"column":18},"end":{"line":13,"column":35}},"9":{"start":{"line":14,"column":4},"end":{"line":16,"column":72}},"10":{"start":{"line":18,"column":4},"end":{"line":18,"column":75}},"11":{"start":{"line":11,"column":13},"end":{"line":11,"column":24}},"12":{"start":{"line":23,"column":27},"end":{"line":41,"column":2}},"13":{"start":{"line":23,"column":65},"end":{"line":41,"column":2}},"14":{"start":{"line":24,"column":17},"end":{"line":24,"column":28}},"15":{"start":{"line":26,"column":2},"end":{"line":40,"column":3}},"16":{"start":{"line":27,"column":17},"end":{"line":27,"column":44}},"17":{"start":{"line":29,"column":4},"end":{"line":31,"column":5}},"18":{"start":{"line":30,"column":6},"end":{"line":30,"column":79}},"19":{"start":{"line":33,"column":4},"end":{"line":35,"column":75}},"20":{"start":{"line":37,"column":4},"end":{"line":39,"column":63}},"21":{"start":{"line":23,"column":13},"end":{"line":23,"column":27}},"22":{"start":{"line":44,"column":26},"end":{"line":68,"column":2}},"23":{"start":{"line":44,"column":64},"end":{"line":68,"column":2}},"24":{"start":{"line":45,"column":17},"end":{"line":45,"column":28}},"25":{"start":{"line":46,"column":67},"end":{"line":46,"column":75}},"26":{"start":{"line":48,"column":2},"end":{"line":67,"column":3}},"27":{"start":{"line":49,"column":17},"end":{"line":49,"column":44}},"28":{"start":{"line":51,"column":4},"end":{"line":53,"column":5}},"29":{"start":{"line":52,"column":6},"end":{"line":52,"column":79}},"30":{"start":{"line":55,"column":4},"end":{"line":55,"column":43}},"31":{"start":{"line":55,"column":18},"end":{"line":55,"column":43}},"32":{"start":{"line":56,"column":4},"end":{"line":56,"column":34}},"33":{"start":{"line":56,"column":15},"end":{"line":56,"column":34}},"34":{"start":{"line":57,"column":4},"end":{"line":57,"column":43}},"35":{"start":{"line":57,"column":18},"end":{"line":57,"column":43}},"36":{"start":{"line":58,"column":4},"end":{"line":58,"column":37}},"37":{"start":{"line":58,"column":16},"end":{"line":58,"column":37}},"38":{"start":{"line":59,"column":4},"end":{"line":59,"column":52}},"39":{"start":{"line":59,"column":21},"end":{"line":59,"column":52}},"40":{"start":{"line":60,"column":4},"end":{"line":60,"column":31}},"41":{"start":{"line":60,"column":14},"end":{"line":60,"column":31}},"42":{"start":{"line":62,"column":4},"end":{"line":62,"column":22}},"43":{"start":{"line":64,"column":4},"end":{"line":64,"column":73}},"44":{"start":{"line":66,"column":4},"end":{"line":66,"column":80}},"45":{"start":{"line":44,"column":13},"end":{"line":44,"column":26}},"46":{"start":{"line":71,"column":30},"end":{"line":104,"column":2}},"47":{"start":{"line":71,"column":68},"end":{"line":104,"column":2}},"48":{"start":{"line":72,"column":2},"end":{"line":103,"column":3}},"49":{"start":{"line":73,"column":44},"end":{"line":73,"column":52}},"50":{"start":{"line":74,"column":19},"end":{"line":74,"column":30}},"51":{"start":{"line":77,"column":25},"end":{"line":77,"column":52}},"52":{"start":{"line":79,"column":4},"end":{"line":81,"column":5}},"53":{"start":{"line":80,"column":6},"end":{"line":80,"column":79}},"54":{"start":{"line":83,"column":15},"end":{"line":83,"column":68}},"55":{"start":{"line":84,"column":4},"end":{"line":88,"column":5}},"56":{"start":{"line":85,"column":6},"end":{"line":87,"column":74}},"57":{"start":{"line":90,"column":4},"end":{"line":94,"column":5}},"58":{"start":{"line":91,"column":6},"end":{"line":93,"column":68}},"59":{"start":{"line":96,"column":19},"end":{"line":96,"column":48}},"60":{"start":{"line":97,"column":4},"end":{"line":97,"column":35}},"61":{"start":{"line":98,"column":4},"end":{"line":98,"column":30}},"62":{"start":{"line":99,"column":4},"end":{"line":99,"column":72}},"63":{"start":{"line":102,"column":4},"end":{"line":102,"column":77}},"64":{"start":{"line":71,"column":13},"end":{"line":71,"column":30}}},"fnMap":{"0":{"name":"(anonymous_8)","decl":{"start":{"line":11,"column":24},"end":{"line":11,"column":31}},"loc":{"start":{"line":11,"column":62},"end":{"line":20,"column":2}}},"1":{"name":"(anonymous_9)","decl":{"start":{"line":11,"column":62},"end":{"line":11,"column":null}},"loc":{"start":{"line":11,"column":62},"end":{"line":20,"column":1}}},"2":{"name":"(anonymous_10)","decl":{"start":{"line":23,"column":27},"end":{"line":23,"column":34}},"loc":{"start":{"line":23,"column":65},"end":{"line":41,"column":2}}},"3":{"name":"(anonymous_11)","decl":{"start":{"line":23,"column":65},"end":{"line":23,"column":null}},"loc":{"start":{"line":23,"column":65},"end":{"line":41,"column":1}}},"4":{"name":"(anonymous_12)","decl":{"start":{"line":44,"column":26},"end":{"line":44,"column":33}},"loc":{"start":{"line":44,"column":64},"end":{"line":68,"column":2}}},"5":{"name":"(anonymous_13)","decl":{"start":{"line":44,"column":64},"end":{"line":44,"column":null}},"loc":{"start":{"line":44,"column":64},"end":{"line":68,"column":1}}},"6":{"name":"(anonymous_14)","decl":{"start":{"line":71,"column":30},"end":{"line":71,"column":37}},"loc":{"start":{"line":71,"column":68},"end":{"line":104,"column":2}}},"7":{"name":"(anonymous_15)","decl":{"start":{"line":71,"column":68},"end":{"line":71,"column":null}},"loc":{"start":{"line":71,"column":68},"end":{"line":104,"column":1}}}},"branchMap":{"0":{"loc":{"start":{"line":29,"column":4},"end":{"line":31,"column":5}},"type":"if","locations":[{"start":{"line":29,"column":4},"end":{"line":31,"column":5}}]},"1":{"loc":{"start":{"line":51,"column":4},"end":{"line":53,"column":5}},"type":"if","locations":[{"start":{"line":51,"column":4},"end":{"line":53,"column":5}}]},"2":{"loc":{"start":{"line":55,"column":4},"end":{"line":55,"column":43}},"type":"if","locations":[{"start":{"line":55,"column":4},"end":{"line":55,"column":43}}]},"3":{"loc":{"start":{"line":56,"column":4},"end":{"line":56,"column":34}},"type":"if","locations":[{"start":{"line":56,"column":4},"end":{"line":56,"column":34}}]},"4":{"loc":{"start":{"line":57,"column":4},"end":{"line":57,"column":43}},"type":"if","locations":[{"start":{"line":57,"column":4},"end":{"line":57,"column":43}}]},"5":{"loc":{"start":{"line":58,"column":4},"end":{"line":58,"column":37}},"type":"if","locations":[{"start":{"line":58,"column":4},"end":{"line":58,"column":37}}]},"6":{"loc":{"start":{"line":59,"column":4},"end":{"line":59,"column":52}},"type":"if","locations":[{"start":{"line":59,"column":4},"end":{"line":59,"column":52}}]},"7":{"loc":{"start":{"line":60,"column":4},"end":{"line":60,"column":31}},"type":"if","locations":[{"start":{"line":60,"column":4},"end":{"line":60,"column":31}}]},"8":{"loc":{"start":{"line":79,"column":4},"end":{"line":81,"column":5}},"type":"if","locations":[{"start":{"line":79,"column":4},"end":{"line":81,"column":5}}]},"9":{"loc":{"start":{"line":84,"column":4},"end":{"line":88,"column":5}},"type":"if","locations":[{"start":{"line":84,"column":4},"end":{"line":88,"column":5}}]},"10":{"loc":{"start":{"line":90,"column":4},"end":{"line":94,"column":5}},"type":"if","locations":[{"start":{"line":90,"column":4},"end":{"line":94,"column":5}}]}},"s":{"0":1,"1":1,"2":1,"3":1,"4":1,"5":1,"6":1,"7":1,"8":1,"9":1,"10":0,"11":1,"12":1,"13":1,"14":1,"15":1,"16":1,"17":1,"18":0,"19":1,"20":0,"21":1,"22":1,"23":1,"24":1,"25":1,"26":1,"27":1,"28":1,"29":0,"30":1,"31":1,"32":1,"33":1,"34":1,"35":0,"36":1,"37":0,"38":1,"39":0,"40":1,"41":0,"42":1,"43":1,"44":0,"45":1,"46":1,"47":1,"48":1,"49":1,"50":1,"51":1,"52":1,"53":0,"54":1,"55":1,"56":0,"57":1,"58":0,"59":1,"60":1,"61":1,"62":1,"63":0,"64":1},"f":{"0":1,"1":1,"2":1,"3":1,"4":1,"5":1,"6":1,"7":1},"b":{"0":[0],"1":[0],"2":[1],"3":[1],"4":[0],"5":[0],"6":[0],"7":[0],"8":[0],"9":[0],"10":[0]}}
,"D:\\Kuliah\\Semester 5\\Studi Independen\\Final Project ( GoEvent )\\backend\\src\\models\\Category.ts": {"path":"D:\\Kuliah\\Semester 5\\Studi Independen\\Final Project ( GoEvent )\\backend\\src\\models\\Category.ts","statementMap":{"0":{"start":{"line":1,"column":0},"end":{"line":1,"column":61}},"1":{"start":{"line":12,"column":42},"end":{"line":17,"column":null}},"2":{"start":{"line":21,"column":35},"end":{"line":23,"column":null}},"3":{"start":{"line":25,"column":0},"end":{"line":25,"column":24}}},"fnMap":{},"branchMap":{},"s":{"0":1,"1":1,"2":1,"3":1},"f":{},"b":{}}
,"D:\\Kuliah\\Semester 5\\Studi Independen\\Final Project ( GoEvent )\\backend\\src\\models\\Event.ts": {"path":"D:\\Kuliah\\Semester 5\\Studi Independen\\Final Project ( GoEvent )\\backend\\src\\models\\Event.ts","statementMap":{"0":{"start":{"line":1,"column":0},"end":{"line":1,"column":61}},"1":{"start":{"line":22,"column":36},"end":{"line":35,"column":2}},"2":{"start":{"line":38,"column":29},"end":{"line":38,"column":73}},"3":{"start":{"line":39,"column":0},"end":{"line":39,"column":21}}},"fnMap":{},"branchMap":{},"s":{"0":5,"1":5,"2":5,"3":5},"f":{},"b":{}}
,"D:\\Kuliah\\Semester 5\\Studi Independen\\Final Project ( GoEvent )\\backend\\src\\models\\Organizer.ts": {"path":"D:\\Kuliah\\Semester 5\\Studi Independen\\Final Project ( GoEvent )\\backend\\src\\models\\Organizer.ts","statementMap":{"0":{"start":{"line":1,"column":0},"end":{"line":1,"column":54}},"1":{"start":{"line":15,"column":24},"end":{"line":29,"column":null}},"2":{"start":{"line":32,"column":0},"end":{"line":32,"column":72}}},"fnMap":{},"branchMap":{},"s":{"0":3,"1":3,"2":3},"f":{},"b":{}}
,"D:\\Kuliah\\Semester 5\\Studi Independen\\Final Project ( GoEvent )\\backend\\src\\models\\Payment.ts": {"path":"D:\\Kuliah\\Semester 5\\Studi Independen\\Final Project ( GoEvent )\\backend\\src\\models\\Payment.ts","statementMap":{"0":{"start":{"line":2,"column":0},"end":{"line":2,"column":61}},"1":{"start":{"line":16,"column":40},"end":{"line":24,"column":22}},"2":{"start":{"line":26,"column":33},"end":{"line":26,"column":83}},"3":{"start":{"line":27,"column":0},"end":{"line":27,"column":23}}},"fnMap":{},"branchMap":{},"s":{"0":3,"1":3,"2":3,"3":3},"f":{},"b":{}}
,"D:\\Kuliah\\Semester 5\\Studi Independen\\Final Project ( GoEvent )\\backend\\src\\models\\Ticket.ts": {"path":"D:\\Kuliah\\Semester 5\\Studi Independen\\Final Project ( GoEvent )\\backend\\src\\models\\Ticket.ts","statementMap":{"0":{"start":{"line":1,"column":0},"end":{"line":1,"column":61}},"1":{"start":{"line":11,"column":38},"end":{"line":19,"column":null}},"2":{"start":{"line":22,"column":31},"end":{"line":22,"column":78}},"3":{"start":{"line":23,"column":0},"end":{"line":23,"column":22}}},"fnMap":{},"branchMap":{},"s":{"0":2,"1":2,"2":2,"3":2},"f":{},"b":{}}
,"D:\\Kuliah\\Semester 5\\Studi Independen\\Final Project ( GoEvent )\\backend\\src\\models\\User.ts": {"path":"D:\\Kuliah\\Semester 5\\Studi Independen\\Final Project ( GoEvent )\\backend\\src\\models\\User.ts","statementMap":{"0":{"start":{"line":1,"column":0},"end":{"line":1,"column":61}},"1":{"start":{"line":17,"column":34},"end":{"line":35,"column":null}},"2":{"start":{"line":38,"column":27},"end":{"line":38,"column":68}},"3":{"start":{"line":39,"column":0},"end":{"line":39,"column":20}}},"fnMap":{},"branchMap":{},"s":{"0":3,"1":3,"2":3,"3":3},"f":{},"b":{}}
,"D:\\Kuliah\\Semester 5\\Studi Independen\\Final Project ( GoEvent )\\backend\\src\\utils\\apiResource.ts": {"path":"D:\\Kuliah\\Semester 5\\Studi Independen\\Final Project ( GoEvent )\\backend\\src\\utils\\apiResource.ts","statementMap":{"0":{"start":{"line":1,"column":20},"end":{"line":13,"column":3}},"1":{"start":{"line":7,"column":4},"end":{"line":12,"column":6}},"2":{"start":{"line":15,"column":2},"end":{"line":15,"column":29}}},"fnMap":{"0":{"name":"(anonymous_0)","decl":{"start":{"line":1,"column":20},"end":{"line":1,"column":null}},"loc":{"start":{"line":6,"column":6},"end":{"line":13,"column":3}}}},"branchMap":{"0":{"loc":{"start":{"line":4,"column":4},"end":{"line":4,"column":20}},"type":"default-arg","locations":[{"start":{"line":4,"column":16},"end":{"line":4,"column":20}}]},"1":{"loc":{"start":{"line":5,"column":4},"end":{"line":5,"column":22}},"type":"default-arg","locations":[{"start":{"line":5,"column":19},"end":{"line":5,"column":22}}]}},"s":{"0":8,"1":48,"2":8},"f":{"0":48},"b":{"0":[20],"1":[48]}}
,"D:\\Kuliah\\Semester 5\\Studi Independen\\Final Project ( GoEvent )\\backend\\src\\utils\\midtranst.ts": {"path":"D:\\Kuliah\\Semester 5\\Studi Independen\\Final Project ( GoEvent )\\backend\\src\\utils\\midtranst.ts","statementMap":{"0":{"start":{"line":1,"column":23},"end":{"line":1,"column":49}},"1":{"start":{"line":3,"column":18},"end":{"line":3,"column":49}},"2":{"start":{"line":4,"column":18},"end":{"line":4,"column":49}},"3":{"start":{"line":6,"column":13},"end":{"line":10,"column":4}},"4":{"start":{"line":12,"column":0},"end":{"line":12,"column":null}}},"fnMap":{},"branchMap":{},"s":{"0":1,"1":1,"2":1,"3":1,"4":1},"f":{},"b":{}}
}
