TN:
SF:src\controllers\categoryController.ts
FN:6,(anonymous_8)
FN:6,(anonymous_9)
FN:20,(anonymous_10)
FN:20,(anonymous_11)
FN:40,(anonymous_12)
FN:40,(anonymous_13)
FN:56,(anonymous_14)
FN:56,(anonymous_15)
FN:81,(anonymous_16)
FN:81,(anonymous_17)
FNF:10
FNH:10
FNDA:1,(anonymous_8)
FNDA:1,(anonymous_9)
FNDA:1,(anonymous_10)
FNDA:1,(anonymous_11)
FNDA:1,(anonymous_12)
FNDA:1,(anonymous_13)
FNDA:1,(anonymous_14)
FNDA:1,(anonymous_15)
FNDA:1,(anonymous_16)
FNDA:1,(anonymous_17)
DA:2,1
DA:3,1
DA:6,1
DA:7,1
DA:8,1
DA:9,1
DA:13,0
DA:20,1
DA:21,1
DA:22,1
DA:23,1
DA:24,1
DA:25,0
DA:29,1
DA:33,0
DA:40,1
DA:41,1
DA:42,1
DA:43,1
DA:44,1
DA:45,1
DA:49,0
DA:56,1
DA:57,1
DA:58,1
DA:59,1
DA:60,1
DA:65,1
DA:66,0
DA:70,1
DA:74,0
DA:81,1
DA:82,1
DA:83,1
DA:84,1
DA:85,1
DA:86,0
DA:90,1
DA:92,0
LF:39
LH:31
BRDA:24,0,0,0
BRDA:65,1,0,0
BRDA:85,2,0,0
BRF:3
BRH:0
end_of_record
TN:
SF:src\controllers\eventController.ts
FN:9,(anonymous_8)
FN:9,(anonymous_9)
FN:104,(anonymous_10)
FN:104,(anonymous_11)
FN:119,(anonymous_12)
FN:119,(anonymous_13)
FN:138,(anonymous_14)
FN:138,(anonymous_15)
FN:187,(anonymous_16)
FN:187,(anonymous_17)
FN:206,(anonymous_18)
FN:206,(anonymous_19)
FN:255,(anonymous_20)
FN:255,(anonymous_21)
FN:262,(anonymous_22)
FN:262,(anonymous_23)
FN:298,(anonymous_24)
FN:298,(anonymous_25)
FN:372,(anonymous_26)
FN:372,(anonymous_27)
FN:459,(anonymous_28)
FN:459,(anonymous_29)
FNF:22
FNH:10
FNDA:2,(anonymous_8)
FNDA:2,(anonymous_9)
FNDA:1,(anonymous_10)
FNDA:1,(anonymous_11)
FNDA:1,(anonymous_12)
FNDA:1,(anonymous_13)
FNDA:0,(anonymous_14)
FNDA:0,(anonymous_15)
FNDA:0,(anonymous_16)
FNDA:0,(anonymous_17)
FNDA:0,(anonymous_18)
FNDA:0,(anonymous_19)
FNDA:0,(anonymous_20)
FNDA:0,(anonymous_21)
FNDA:0,(anonymous_22)
FNDA:0,(anonymous_23)
FNDA:1,(anonymous_24)
FNDA:1,(anonymous_25)
FNDA:0,(anonymous_26)
FNDA:0,(anonymous_27)
FNDA:1,(anonymous_28)
FNDA:1,(anonymous_29)
DA:2,1
DA:3,1
DA:4,1
DA:5,1
DA:7,1
DA:9,2
DA:10,2
DA:11,2
DA:13,2
DA:14,1
DA:19,1
DA:20,1
DA:21,0
DA:42,1
DA:44,1
DA:69,1
DA:72,1
DA:73,1
DA:89,1
DA:92,1
DA:97,0
DA:98,0
DA:104,1
DA:105,1
DA:106,1
DA:109,1
DA:113,0
DA:119,1
DA:120,1
DA:121,1
DA:125,1
DA:126,0
DA:130,1
DA:134,0
DA:138,1
DA:139,0
DA:151,0
DA:152,0
DA:154,0
DA:155,0
DA:156,0
DA:161,0
DA:162,0
DA:163,0
DA:164,0
DA:165,0
DA:166,0
DA:167,0
DA:168,0
DA:169,0
DA:170,0
DA:171,0
DA:172,0
DA:175,0
DA:176,0
DA:180,0
DA:181,0
DA:187,1
DA:188,0
DA:189,0
DA:190,0
DA:191,0
DA:195,0
DA:199,0
DA:206,1
DA:207,0
DA:208,0
DA:209,0
DA:212,0
DA:215,0
DA:223,0
DA:225,0
DA:236,0
DA:242,0
DA:255,1
DA:256,0
DA:257,0
DA:261,0
DA:262,0
DA:263,0
DA:268,0
DA:272,0
DA:285,0
DA:291,0
DA:298,1
DA:299,1
DA:300,1
DA:302,1
DA:306,1
DA:307,0
DA:314,1
DA:325,1
DA:329,1
DA:346,1
DA:358,0
DA:359,0
DA:372,1
DA:373,0
DA:374,0
DA:375,0
DA:386,0
DA:389,0
DA:390,0
DA:393,0
DA:394,0
DA:398,0
DA:399,0
DA:400,0
DA:401,0
DA:405,0
DA:406,0
DA:410,0
DA:413,0
DA:416,0
DA:417,0
DA:422,0
DA:430,0
DA:432,0
DA:433,0
DA:444,0
DA:450,0
DA:459,1
DA:460,1
DA:461,1
DA:463,1
DA:467,1
DA:468,0
DA:474,1
DA:478,1
DA:481,1
DA:485,1
DA:488,1
DA:490,1
DA:500,0
LF:134
LH:53
BRDA:13,0,0,1
BRDA:20,1,0,0
BRDA:72,2,0,1
BRDA:72,2,1,0
BRDA:125,3,0,0
BRDA:152,4,0,0
BRDA:152,4,1,0
BRDA:152,5,0,0
BRDA:152,5,1,0
BRDA:155,6,0,0
BRDA:171,7,0,0
BRDA:190,8,0,0
BRDA:208,9,0,0
BRDA:208,10,0,0
BRDA:278,11,0,0
BRDA:278,11,1,0
BRDA:278,12,0,0
BRDA:278,12,1,0
BRDA:278,13,0,0
BRDA:278,13,1,0
BRDA:279,14,0,0
BRDA:279,14,1,0
BRDA:279,15,0,0
BRDA:279,15,1,0
BRDA:279,16,0,0
BRDA:279,16,1,0
BRDA:306,17,0,0
BRDA:339,18,0,1
BRDA:339,18,1,0
BRDA:339,19,0,0
BRDA:339,19,1,1
BRDA:339,20,0,1
BRDA:339,20,1,1
BRDA:340,21,0,1
BRDA:340,21,1,0
BRDA:340,22,0,0
BRDA:340,22,1,1
BRDA:340,23,0,1
BRDA:340,23,1,1
BRDA:341,24,0,1
BRDA:341,24,1,0
BRDA:341,25,0,0
BRDA:341,25,1,1
BRDA:341,26,0,1
BRDA:341,26,1,1
BRDA:342,27,0,1
BRDA:342,27,1,0
BRDA:342,28,0,0
BRDA:342,28,1,1
BRDA:342,29,0,1
BRDA:342,29,1,1
BRDA:381,30,0,0
BRDA:382,31,0,0
BRDA:383,32,0,0
BRDA:384,33,0,0
BRDA:393,34,0,0
BRDA:398,35,0,0
BRDA:398,36,0,0
BRDA:398,36,1,0
BRDA:400,37,0,0
BRDA:401,38,0,0
BRDA:405,39,0,0
BRDA:416,40,0,0
BRDA:416,40,1,0
BRDA:467,41,0,0
BRDA:478,42,0,1
BRDA:478,42,1,0
BRDA:478,43,0,0
BRDA:478,43,1,1
BRDA:478,44,0,1
BRDA:478,44,1,1
BRDA:485,45,0,1
BRDA:485,45,1,0
BRDA:485,46,0,0
BRDA:485,46,1,1
BRDA:485,47,0,1
BRDA:485,47,1,1
BRF:77
BRH:26
end_of_record
TN:
SF:src\controllers\userController.ts
FN:11,(anonymous_8)
FN:11,(anonymous_9)
FN:23,(anonymous_10)
FN:23,(anonymous_11)
FN:44,(anonymous_12)
FN:44,(anonymous_13)
FN:71,(anonymous_14)
FN:71,(anonymous_15)
FNF:8
FNH:8
FNDA:1,(anonymous_8)
FNDA:1,(anonymous_9)
FNDA:1,(anonymous_10)
FNDA:1,(anonymous_11)
FNDA:1,(anonymous_12)
FNDA:1,(anonymous_13)
FNDA:1,(anonymous_14)
FNDA:1,(anonymous_15)
DA:3,1
DA:4,1
DA:5,1
DA:6,1
DA:8,1
DA:11,1
DA:12,1
DA:13,1
DA:14,1
DA:18,0
DA:23,1
DA:24,1
DA:26,1
DA:27,1
DA:29,1
DA:30,0
DA:33,1
DA:37,0
DA:44,1
DA:45,1
DA:46,1
DA:48,1
DA:49,1
DA:51,1
DA:52,0
DA:55,1
DA:56,1
DA:57,1
DA:58,1
DA:59,1
DA:60,1
DA:62,1
DA:64,1
DA:66,0
DA:71,1
DA:72,1
DA:73,1
DA:74,1
DA:75,1
DA:77,1
DA:79,1
DA:80,0
DA:83,1
DA:84,1
DA:85,0
DA:90,1
DA:91,0
DA:96,1
DA:97,1
DA:98,1
DA:99,1
DA:101,0
DA:102,0
LF:53
LH:43
BRDA:29,0,0,0
BRDA:51,1,0,0
BRDA:55,2,0,1
BRDA:56,3,0,1
BRDA:57,4,0,0
BRDA:58,5,0,0
BRDA:59,6,0,0
BRDA:60,7,0,0
BRDA:79,8,0,0
BRDA:84,9,0,0
BRDA:90,10,0,0
BRF:11
BRH:2
end_of_record
TN:
SF:src\models\Category.ts
FNF:0
FNH:0
DA:1,1
DA:12,1
DA:21,1
DA:25,1
LF:4
LH:4
BRF:0
BRH:0
end_of_record
TN:
SF:src\models\Event.ts
FNF:0
FNH:0
DA:1,1
DA:22,1
DA:38,1
DA:39,1
LF:4
LH:4
BRF:0
BRH:0
end_of_record
TN:
SF:src\models\Payment.ts
FNF:0
FNH:0
DA:2,1
DA:16,1
DA:26,1
DA:27,1
LF:4
LH:4
BRF:0
BRH:0
end_of_record
TN:
SF:src\models\User.ts
FNF:0
FNH:0
DA:1,1
DA:17,1
DA:38,1
DA:39,1
LF:4
LH:4
BRF:0
BRH:0
end_of_record
TN:
SF:src\utils\apiResource.ts
FN:1,(anonymous_0)
FNF:1
FNH:1
FNDA:16,(anonymous_0)
DA:1,2
DA:7,16
DA:15,2
LF:3
LH:3
BRDA:4,0,0,4
BRDA:5,1,0,16
BRF:2
BRH:2
end_of_record
