TN:
SF:src\controllers\authController.ts
FN:14,(anonymous_8)
FN:17,(anonymous_9)
FN:72,(anonymous_10)
FN:72,(anonymous_11)
FN:105,(anonymous_12)
FN:105,(anonymous_13)
FN:139,(anonymous_14)
FN:142,(anonymous_15)
FNF:8
FNH:6
FNDA:2,(anonymous_8)
FNDA:2,(anonymous_9)
FNDA:0,(anonymous_10)
FNDA:0,(anonymous_11)
FNDA:4,(anonymous_12)
FNDA:4,(anonymous_13)
FNDA:3,(anonymous_14)
FNDA:3,(anonymous_15)
DA:2,1
DA:3,1
DA:4,1
DA:5,1
DA:6,1
DA:7,1
DA:9,1
DA:11,1
DA:12,1
DA:14,1
DA:17,2
DA:18,2
DA:20,2
DA:21,2
DA:23,1
DA:24,1
DA:27,1
DA:30,0
DA:32,0
DA:33,0
DA:35,0
DA:44,0
DA:72,0
DA:73,0
DA:74,0
DA:75,0
DA:77,0
DA:85,0
DA:86,0
DA:97,1
DA:98,1
DA:105,4
DA:106,4
DA:108,4
DA:109,4
DA:111,3
DA:112,1
DA:115,2
DA:116,2
DA:117,1
DA:121,1
DA:122,1
DA:124,1
DA:133,1
DA:139,1
DA:142,3
DA:143,3
DA:145,3
DA:146,3
DA:148,2
DA:149,1
DA:150,1
DA:153,1
DA:154,1
DA:155,1
DA:157,1
DA:167,1
LF:57
LH:45
BRDA:12,0,0,1
BRDA:12,0,1,0
BRDA:23,1,0,1
BRDA:73,2,0,0
BRDA:73,2,1,0
BRDA:111,3,0,1
BRDA:116,4,0,1
BRDA:148,5,0,1
BRF:8
BRH:5
end_of_record
TN:
SF:src\controllers\categoryController.ts
FN:6,(anonymous_8)
FN:6,(anonymous_9)
FN:18,(anonymous_10)
FN:18,(anonymous_11)
FN:35,(anonymous_12)
FN:35,(anonymous_13)
FN:49,(anonymous_14)
FN:49,(anonymous_15)
FN:71,(anonymous_16)
FN:71,(anonymous_17)
FNF:10
FNH:10
FNDA:2,(anonymous_8)
FNDA:2,(anonymous_9)
FNDA:2,(anonymous_10)
FNDA:2,(anonymous_11)
FNDA:1,(anonymous_12)
FNDA:1,(anonymous_13)
FNDA:2,(anonymous_14)
FNDA:2,(anonymous_15)
FNDA:3,(anonymous_16)
FNDA:3,(anonymous_17)
DA:2,1
DA:3,1
DA:6,2
DA:7,2
DA:8,2
DA:9,1
DA:12,1
DA:18,2
DA:19,2
DA:20,2
DA:21,2
DA:22,2
DA:23,1
DA:26,1
DA:29,0
DA:35,1
DA:36,1
DA:37,1
DA:38,1
DA:39,1
DA:40,0
DA:43,1
DA:49,2
DA:50,2
DA:51,2
DA:52,2
DA:53,2
DA:58,2
DA:59,1
DA:62,1
DA:65,0
DA:71,3
DA:72,3
DA:73,3
DA:74,3
DA:75,2
DA:76,1
DA:79,1
DA:81,1
LF:39
LH:36
BRDA:22,0,0,1
BRDA:58,1,0,1
BRDA:75,2,0,1
BRF:3
BRH:3
end_of_record
TN:
SF:src\controllers\dashboardController.ts
FN:8,(anonymous_8)
FN:8,(anonymous_9)
FN:34,(anonymous_10)
FN:34,(anonymous_11)
FNF:4
FNH:4
FNDA:2,(anonymous_8)
FNDA:2,(anonymous_9)
FNDA:3,(anonymous_10)
FNDA:3,(anonymous_11)
DA:2,1
DA:3,1
DA:4,1
DA:5,1
DA:8,2
DA:9,2
DA:11,2
DA:17,1
DA:23,1
DA:28,1
DA:34,3
DA:35,3
DA:46,3
DA:49,3
DA:50,3
DA:53,3
DA:55,3
DA:56,0
DA:59,3
DA:60,0
DA:61,0
DA:62,0
DA:65,3
DA:66,0
DA:70,3
DA:73,3
DA:76,3
DA:77,3
DA:82,3
DA:148,2
DA:151,2
DA:163,2
DA:164,1
DA:168,1
DA:170,1
DA:171,1
LF:36
LH:31
BRDA:41,0,0,3
BRDA:42,1,0,3
BRDA:43,2,0,0
BRDA:44,3,0,0
BRDA:55,4,0,0
BRDA:59,5,0,0
BRDA:59,6,0,3
BRDA:59,6,1,3
BRDA:61,7,0,0
BRDA:62,8,0,0
BRDA:65,9,0,0
BRDA:76,10,0,3
BRDA:76,10,1,0
BRDA:163,11,0,1
BRDA:163,12,0,2
BRDA:163,12,1,2
BRF:16
BRH:8
end_of_record
TN:
SF:src\controllers\eventController.ts
FN:9,(anonymous_8)
FN:9,(anonymous_9)
FN:104,(anonymous_10)
FN:104,(anonymous_11)
FN:117,(anonymous_12)
FN:117,(anonymous_13)
FN:134,(anonymous_14)
FN:134,(anonymous_15)
FN:182,(anonymous_16)
FN:182,(anonymous_17)
FN:199,(anonymous_18)
FN:199,(anonymous_19)
FN:247,(anonymous_20)
FN:247,(anonymous_21)
FN:254,(anonymous_22)
FN:254,(anonymous_23)
FN:289,(anonymous_24)
FN:289,(anonymous_25)
FN:363,(anonymous_26)
FN:363,(anonymous_27)
FN:449,(anonymous_28)
FN:449,(anonymous_29)
FNF:22
FNH:10
FNDA:3,(anonymous_8)
FNDA:3,(anonymous_9)
FNDA:0,(anonymous_10)
FNDA:0,(anonymous_11)
FNDA:0,(anonymous_12)
FNDA:0,(anonymous_13)
FNDA:1,(anonymous_14)
FNDA:1,(anonymous_15)
FNDA:0,(anonymous_16)
FNDA:0,(anonymous_17)
FNDA:0,(anonymous_18)
FNDA:0,(anonymous_19)
FNDA:0,(anonymous_20)
FNDA:0,(anonymous_21)
FNDA:0,(anonymous_22)
FNDA:0,(anonymous_23)
FNDA:1,(anonymous_24)
FNDA:1,(anonymous_25)
FNDA:2,(anonymous_26)
FNDA:2,(anonymous_27)
FNDA:1,(anonymous_28)
FNDA:1,(anonymous_29)
DA:2,1
DA:3,1
DA:4,1
DA:5,1
DA:7,1
DA:9,3
DA:10,3
DA:11,3
DA:13,3
DA:14,1
DA:19,2
DA:20,2
DA:21,1
DA:42,1
DA:44,1
DA:69,1
DA:72,1
DA:73,1
DA:90,1
DA:93,1
DA:97,0
DA:98,0
DA:104,1
DA:105,0
DA:106,0
DA:109,0
DA:112,0
DA:117,1
DA:118,0
DA:119,0
DA:123,0
DA:124,0
DA:127,0
DA:130,0
DA:134,1
DA:135,1
DA:147,1
DA:148,1
DA:150,1
DA:151,1
DA:152,0
DA:156,1
DA:157,1
DA:158,1
DA:160,1
DA:161,1
DA:162,1
DA:163,1
DA:164,1
DA:165,1
DA:166,1
DA:167,1
DA:168,0
DA:171,1
DA:172,1
DA:175,0
DA:176,0
DA:182,1
DA:183,0
DA:184,0
DA:185,0
DA:186,0
DA:189,0
DA:192,0
DA:199,1
DA:200,0
DA:201,0
DA:202,0
DA:205,0
DA:208,0
DA:216,0
DA:218,0
DA:229,0
DA:234,0
DA:247,1
DA:248,0
DA:249,0
DA:253,0
DA:254,0
DA:255,0
DA:260,0
DA:264,0
DA:277,0
DA:282,0
DA:289,1
DA:290,1
DA:291,1
DA:293,1
DA:297,1
DA:298,0
DA:305,1
DA:316,1
DA:320,1
DA:338,1
DA:349,0
DA:350,0
DA:363,2
DA:364,2
DA:365,2
DA:377,2
DA:380,2
DA:384,2
DA:385,1
DA:389,2
DA:390,1
DA:391,1
DA:392,1
DA:396,2
DA:397,1
DA:401,2
DA:404,2
DA:407,2
DA:408,2
DA:413,2
DA:423,2
DA:424,2
DA:435,2
DA:440,0
DA:449,1
DA:450,1
DA:451,1
DA:453,1
DA:457,1
DA:458,0
DA:463,1
DA:467,1
DA:470,1
DA:474,1
DA:477,1
DA:479,1
DA:489,0
LF:131
LH:85
BRDA:13,0,0,1
BRDA:20,1,0,1
BRDA:72,2,0,1
BRDA:72,2,1,0
BRDA:123,3,0,0
BRDA:148,4,0,1
BRDA:148,4,1,0
BRDA:148,5,0,1
BRDA:148,5,1,1
BRDA:151,6,0,0
BRDA:167,7,0,0
BRDA:185,8,0,0
BRDA:201,9,0,0
BRDA:201,10,0,0
BRDA:270,11,0,0
BRDA:270,11,1,0
BRDA:270,12,0,0
BRDA:270,12,1,0
BRDA:270,13,0,0
BRDA:270,13,1,0
BRDA:271,14,0,0
BRDA:271,14,1,0
BRDA:271,15,0,0
BRDA:271,15,1,0
BRDA:271,16,0,0
BRDA:271,16,1,0
BRDA:297,17,0,0
BRDA:331,18,0,1
BRDA:331,18,1,0
BRDA:331,19,0,0
BRDA:331,19,1,1
BRDA:331,20,0,1
BRDA:331,20,1,1
BRDA:332,21,0,1
BRDA:332,21,1,0
BRDA:332,22,0,0
BRDA:332,22,1,1
BRDA:332,23,0,1
BRDA:332,23,1,1
BRDA:333,24,0,1
BRDA:333,24,1,0
BRDA:333,25,0,0
BRDA:333,25,1,1
BRDA:333,26,0,1
BRDA:333,26,1,1
BRDA:334,27,0,1
BRDA:334,27,1,0
BRDA:334,28,0,0
BRDA:334,28,1,1
BRDA:334,29,0,1
BRDA:334,29,1,1
BRDA:372,30,0,1
BRDA:373,31,0,1
BRDA:374,32,0,1
BRDA:375,33,0,1
BRDA:384,34,0,1
BRDA:389,35,0,1
BRDA:389,36,0,2
BRDA:389,36,1,1
BRDA:391,37,0,1
BRDA:392,38,0,1
BRDA:396,39,0,1
BRDA:407,40,0,2
BRDA:407,40,1,0
BRDA:457,41,0,0
BRDA:467,42,0,1
BRDA:467,42,1,0
BRDA:467,43,0,0
BRDA:467,43,1,1
BRDA:467,44,0,1
BRDA:467,44,1,1
BRDA:474,45,0,1
BRDA:474,45,1,0
BRDA:474,46,0,0
BRDA:474,46,1,1
BRDA:474,47,0,1
BRDA:474,47,1,1
BRF:77
BRH:42
end_of_record
TN:
SF:src\controllers\loginOrganizer.ts
FN:9,(anonymous_8)
FN:9,(anonymous_9)
FNF:2
FNH:2
FNDA:4,(anonymous_8)
FNDA:4,(anonymous_9)
DA:2,1
DA:3,1
DA:4,1
DA:5,1
DA:7,1
DA:9,4
DA:10,4
DA:13,4
DA:15,4
DA:17,3
DA:18,1
DA:21,2
DA:22,2
DA:23,1
DA:26,1
DA:28,1
DA:29,1
DA:31,1
DA:33,1
LF:19
LH:19
BRDA:7,0,0,1
BRDA:7,0,1,1
BRDA:17,1,0,1
BRDA:22,2,0,1
BRF:4
BRH:4
end_of_record
TN:
SF:src\controllers\organizerController.ts
FN:11,(anonymous_8)
FN:11,(anonymous_9)
FN:30,(anonymous_10)
FN:30,(anonymous_11)
FN:41,(anonymous_12)
FN:41,(anonymous_13)
FN:62,(anonymous_14)
FN:62,(anonymous_15)
FN:82,(anonymous_16)
FN:85,(anonymous_17)
FN:96,(anonymous_18)
FN:96,(anonymous_19)
FN:131,(anonymous_20)
FN:131,(anonymous_21)
FN:171,(anonymous_22)
FN:171,(anonymous_23)
FN:200,(anonymous_24)
FN:200,(anonymous_25)
FN:238,(anonymous_26)
FN:238,(anonymous_27)
FN:268,(anonymous_28)
FN:268,(anonymous_29)
FN:284,(anonymous_30)
FN:284,(anonymous_31)
FN:370,(anonymous_32)
FN:370,(anonymous_33)
FN:390,(anonymous_34)
FNF:27
FNH:23
FNDA:2,(anonymous_8)
FNDA:2,(anonymous_9)
FNDA:2,(anonymous_10)
FNDA:2,(anonymous_11)
FNDA:3,(anonymous_12)
FNDA:3,(anonymous_13)
FNDA:2,(anonymous_14)
FNDA:2,(anonymous_15)
FNDA:1,(anonymous_16)
FNDA:1,(anonymous_17)
FNDA:0,(anonymous_18)
FNDA:0,(anonymous_19)
FNDA:2,(anonymous_20)
FNDA:2,(anonymous_21)
FNDA:2,(anonymous_22)
FNDA:2,(anonymous_23)
FNDA:2,(anonymous_24)
FNDA:2,(anonymous_25)
FNDA:0,(anonymous_26)
FNDA:0,(anonymous_27)
FNDA:2,(anonymous_28)
FNDA:2,(anonymous_29)
FNDA:2,(anonymous_30)
FNDA:2,(anonymous_31)
FNDA:2,(anonymous_32)
FNDA:2,(anonymous_33)
FNDA:2,(anonymous_34)
DA:2,1
DA:3,1
DA:4,1
DA:5,1
DA:6,1
DA:8,1
DA:11,2
DA:12,2
DA:13,2
DA:14,1
DA:24,1
DA:30,2
DA:31,2
DA:32,2
DA:34,1
DA:36,1
DA:41,3
DA:42,3
DA:45,3
DA:46,3
DA:47,2
DA:48,1
DA:52,1
DA:57,1
DA:62,2
DA:63,2
DA:64,2
DA:66,2
DA:67,2
DA:68,1
DA:72,1
DA:77,0
DA:82,1
DA:85,1
DA:86,1
DA:87,1
DA:90,1
DA:95,0
DA:96,0
DA:97,0
DA:102,0
DA:106,0
DA:119,0
DA:124,1
DA:131,2
DA:140,2
DA:141,2
DA:142,2
DA:143,2
DA:144,1
DA:148,1
DA:150,1
DA:159,1
DA:160,1
DA:165,0
DA:171,2
DA:172,2
DA:173,2
DA:174,2
DA:175,2
DA:180,2
DA:181,1
DA:185,1
DA:195,0
DA:200,2
DA:201,2
DA:202,2
DA:203,2
DA:205,2
DA:207,2
DA:208,0
DA:213,2
DA:214,2
DA:215,1
DA:220,1
DA:221,0
DA:226,1
DA:227,1
DA:228,1
DA:229,1
DA:232,0
DA:238,1
DA:239,0
DA:240,0
DA:241,0
DA:242,0
DA:247,0
DA:248,0
DA:252,0
DA:262,0
DA:268,2
DA:269,2
DA:270,2
DA:271,2
DA:272,2
DA:273,1
DA:277,1
DA:279,0
DA:284,2
DA:285,2
DA:286,2
DA:298,2
DA:301,2
DA:305,2
DA:306,0
DA:310,2
DA:311,0
DA:312,0
DA:313,0
DA:317,2
DA:318,0
DA:322,2
DA:325,2
DA:328,2
DA:329,2
DA:334,2
DA:342,1
DA:344,1
DA:346,1
DA:357,1
DA:362,1
DA:370,2
DA:371,2
DA:372,2
DA:374,2
DA:376,2
DA:377,1
DA:387,1
DA:390,2
DA:404,1
DA:410,1
DA:418,0
LF:132
LH:105
BRDA:47,0,0,1
BRDA:67,1,0,1
BRDA:112,2,0,0
BRDA:112,2,1,0
BRDA:112,3,0,0
BRDA:112,3,1,0
BRDA:112,4,0,0
BRDA:112,4,1,0
BRDA:113,5,0,0
BRDA:113,5,1,0
BRDA:113,6,0,0
BRDA:113,6,1,0
BRDA:113,7,0,0
BRDA:113,7,1,0
BRDA:143,8,0,1
BRDA:180,9,0,1
BRDA:207,10,0,0
BRDA:214,11,0,1
BRDA:220,12,0,0
BRDA:247,13,0,0
BRDA:272,14,0,1
BRDA:293,15,0,1
BRDA:294,16,0,1
BRDA:295,17,0,1
BRDA:296,18,0,1
BRDA:305,19,0,0
BRDA:310,20,0,0
BRDA:310,21,0,2
BRDA:310,21,1,2
BRDA:312,22,0,0
BRDA:313,23,0,0
BRDA:317,24,0,0
BRDA:328,25,0,2
BRDA:328,25,1,0
BRDA:376,26,0,1
BRDA:376,27,0,2
BRDA:376,27,1,2
BRDA:404,28,0,1
BRDA:404,28,1,0
BRF:39
BRH:17
end_of_record
TN:
SF:src\controllers\paymentController.ts
FN:9,(anonymous_8)
FN:12,(anonymous_9)
FN:28,(anonymous_10)
FN:72,(anonymous_11)
FN:117,(anonymous_12)
FN:117,(anonymous_13)
FN:132,(anonymous_14)
FN:132,(anonymous_15)
FN:189,(anonymous_16)
FN:189,(anonymous_17)
FN:280,(anonymous_18)
FN:280,(anonymous_19)
FN:300,(anonymous_20)
FN:303,(anonymous_21)
FNF:14
FNH:14
FNDA:2,(anonymous_8)
FNDA:2,(anonymous_9)
FNDA:1,(anonymous_10)
FNDA:12,(anonymous_11)
FNDA:2,(anonymous_12)
FNDA:2,(anonymous_13)
FNDA:2,(anonymous_14)
FNDA:2,(anonymous_15)
FNDA:5,(anonymous_16)
FNDA:5,(anonymous_17)
FNDA:2,(anonymous_18)
FNDA:2,(anonymous_19)
FNDA:3,(anonymous_20)
FNDA:3,(anonymous_21)
DA:2,1
DA:3,1
DA:4,1
DA:5,1
DA:6,1
DA:7,1
DA:9,1
DA:12,2
DA:13,2
DA:15,2
DA:19,2
DA:21,2
DA:22,1
DA:28,1
DA:30,1
DA:54,1
DA:70,1
DA:71,1
DA:72,12
DA:73,12
DA:81,1
DA:99,1
DA:106,1
DA:109,0
DA:117,2
DA:118,2
DA:119,2
DA:121,2
DA:122,2
DA:123,2
DA:124,2
DA:125,2
DA:129,2
DA:132,2
DA:133,2
DA:134,2
DA:136,2
DA:137,1
DA:141,1
DA:142,1
DA:143,1
DA:144,1
DA:146,1
DA:154,1
DA:156,1
DA:176,1
DA:178,1
DA:185,0
DA:189,5
DA:190,5
DA:191,5
DA:193,5
DA:194,5
DA:195,5
DA:197,5
DA:201,5
DA:202,5
DA:203,1
DA:207,4
DA:208,0
DA:213,4
DA:214,2
DA:215,1
DA:216,1
DA:222,1
DA:226,1
DA:229,1
DA:230,1
DA:231,2
DA:232,2
DA:233,2
DA:235,2
DA:242,2
DA:243,2
DA:246,1
DA:247,1
DA:256,2
DA:257,1
DA:258,1
DA:259,1
DA:264,1
DA:268,0
DA:280,2
DA:281,2
DA:283,2
DA:286,2
DA:287,1
DA:291,1
DA:295,0
DA:300,1
DA:303,3
DA:304,3
DA:305,3
DA:307,3
DA:314,2
DA:315,1
DA:318,1
DA:327,1
LF:98
LH:93
BRDA:21,0,0,1
BRDA:74,1,0,12
BRDA:74,1,1,12
BRDA:74,2,0,11
BRDA:74,2,1,1
BRDA:74,3,0,12
BRDA:74,3,1,12
BRDA:76,4,0,1
BRDA:76,4,1,11
BRDA:100,5,0,1
BRDA:100,5,1,0
BRDA:100,6,0,0
BRDA:100,6,1,1
BRDA:100,7,0,1
BRDA:100,7,1,1
BRDA:101,8,0,1
BRDA:101,8,1,0
BRDA:101,9,0,0
BRDA:101,9,1,1
BRDA:101,10,0,1
BRDA:101,10,1,1
BRDA:102,11,0,1
BRDA:102,11,1,0
BRDA:102,12,0,0
BRDA:102,12,1,1
BRDA:102,13,0,1
BRDA:102,13,1,1
BRDA:124,14,0,2
BRDA:136,15,0,1
BRDA:201,16,0,0
BRDA:201,16,1,5
BRDA:201,17,0,5
BRDA:201,17,1,5
BRDA:202,18,0,1
BRDA:207,19,0,0
BRDA:213,20,0,2
BRDA:213,20,1,2
BRDA:214,21,0,1
BRDA:214,21,1,1
BRDA:217,22,0,0
BRDA:217,22,1,1
BRDA:217,23,0,1
BRDA:217,23,1,1
BRDA:256,24,0,1
BRDA:256,24,1,1
BRDA:286,25,0,1
BRDA:314,26,0,1
BRF:47
BRH:38
end_of_record
TN:
SF:src\controllers\searchController.ts
FN:7,(anonymous_8)
FN:7,(anonymous_9)
FN:35,(anonymous_10)
FN:35,(anonymous_11)
FN:91,(anonymous_12)
FN:91,(anonymous_13)
FNF:6
FNH:6
FNDA:3,(anonymous_8)
FNDA:3,(anonymous_9)
FNDA:2,(anonymous_10)
FNDA:2,(anonymous_11)
FNDA:3,(anonymous_12)
FNDA:3,(anonymous_13)
DA:2,1
DA:3,1
DA:4,1
DA:7,3
DA:8,3
DA:9,3
DA:11,3
DA:12,1
DA:16,2
DA:25,2
DA:27,1
DA:29,1
DA:35,2
DA:36,2
DA:38,2
DA:40,2
DA:43,2
DA:44,2
DA:52,2
DA:53,1
DA:57,2
DA:58,1
DA:59,1
DA:60,1
DA:64,2
DA:65,1
DA:69,2
DA:70,1
DA:74,2
DA:75,1
DA:78,2
DA:83,1
DA:85,1
DA:91,3
DA:92,3
DA:93,3
DA:95,3
DA:96,1
DA:100,2
DA:105,1
DA:114,1
LF:41
LH:41
BRDA:11,0,0,1
BRDA:43,1,0,2
BRDA:52,2,0,1
BRDA:57,3,0,1
BRDA:57,4,0,2
BRDA:57,4,1,1
BRDA:59,5,0,1
BRDA:60,6,0,1
BRDA:64,7,0,1
BRDA:69,8,0,1
BRDA:74,9,0,1
BRDA:95,10,0,1
BRF:12
BRH:12
end_of_record
TN:
SF:src\controllers\ticketController.ts
FN:33,(anonymous_8)
FN:33,(anonymous_9)
FN:53,(anonymous_10)
FN:53,(anonymous_11)
FN:67,(anonymous_12)
FN:67,(anonymous_13)
FN:94,(anonymous_14)
FN:94,(anonymous_15)
FN:112,(anonymous_16)
FN:112,(anonymous_17)
FN:132,(anonymous_18)
FN:147,(anonymous_19)
FN:147,(anonymous_20)
FNF:13
FNH:11
FNDA:3,(anonymous_8)
FNDA:3,(anonymous_9)
FNDA:0,(anonymous_10)
FNDA:0,(anonymous_11)
FNDA:3,(anonymous_12)
FNDA:3,(anonymous_13)
FNDA:3,(anonymous_14)
FNDA:3,(anonymous_15)
FNDA:4,(anonymous_16)
FNDA:4,(anonymous_17)
FNDA:1,(anonymous_18)
FNDA:3,(anonymous_19)
FNDA:3,(anonymous_20)
DA:2,1
DA:3,1
DA:4,1
DA:33,3
DA:34,3
DA:36,3
DA:53,0
DA:56,2
DA:57,1
DA:60,1
DA:63,1
DA:67,3
DA:68,3
DA:69,3
DA:70,3
DA:85,2
DA:86,1
DA:88,1
DA:90,1
DA:94,3
DA:95,3
DA:97,3
DA:100,2
DA:101,1
DA:105,1
DA:107,1
DA:112,4
DA:113,4
DA:114,4
DA:118,4
DA:119,3
DA:120,1
DA:124,2
DA:132,2
DA:135,2
DA:136,1
DA:140,1
DA:142,1
DA:143,1
DA:147,3
DA:148,3
DA:149,3
DA:152,3
DA:153,2
DA:154,1
DA:158,1
DA:159,1
DA:161,1
DA:163,1
DA:164,1
LF:50
LH:49
BRDA:56,0,0,1
BRDA:85,1,0,1
BRDA:100,2,0,1
BRDA:119,3,0,1
BRDA:135,4,0,1
BRDA:153,5,0,1
BRF:6
BRH:6
end_of_record
TN:
SF:src\controllers\userController.ts
FN:11,(anonymous_8)
FN:11,(anonymous_9)
FN:22,(anonymous_10)
FN:22,(anonymous_11)
FN:41,(anonymous_12)
FN:41,(anonymous_13)
FN:68,(anonymous_14)
FN:68,(anonymous_15)
FNF:8
FNH:8
FNDA:1,(anonymous_8)
FNDA:1,(anonymous_9)
FNDA:1,(anonymous_10)
FNDA:1,(anonymous_11)
FNDA:1,(anonymous_12)
FNDA:1,(anonymous_13)
FNDA:1,(anonymous_14)
FNDA:1,(anonymous_15)
DA:3,1
DA:4,1
DA:5,1
DA:6,1
DA:8,1
DA:11,1
DA:12,1
DA:13,1
DA:14,1
DA:17,0
DA:22,1
DA:23,1
DA:25,1
DA:26,1
DA:28,1
DA:29,0
DA:32,1
DA:35,0
DA:41,1
DA:42,1
DA:43,1
DA:45,1
DA:46,1
DA:48,1
DA:49,0
DA:52,1
DA:53,1
DA:54,1
DA:55,1
DA:56,1
DA:57,1
DA:59,1
DA:61,1
DA:63,0
DA:68,1
DA:69,1
DA:70,1
DA:71,1
DA:74,1
DA:76,1
DA:77,0
DA:80,1
DA:81,1
DA:82,0
DA:86,1
DA:87,0
DA:92,1
DA:93,1
DA:94,1
DA:95,1
DA:98,0
LF:51
LH:42
BRDA:28,0,0,0
BRDA:48,1,0,0
BRDA:52,2,0,1
BRDA:53,3,0,1
BRDA:54,4,0,0
BRDA:55,5,0,0
BRDA:56,6,0,0
BRDA:57,7,0,0
BRDA:76,8,0,0
BRDA:81,9,0,0
BRDA:86,10,0,0
BRF:11
BRH:2
end_of_record
TN:
SF:src\models\Category.ts
FNF:0
FNH:0
DA:1,1
DA:12,1
DA:21,1
DA:25,1
LF:4
LH:4
BRF:0
BRH:0
end_of_record
TN:
SF:src\models\Event.ts
FNF:0
FNH:0
DA:1,6
DA:23,6
DA:40,6
DA:41,6
LF:4
LH:4
BRF:0
BRH:0
end_of_record
TN:
SF:src\models\Organizer.ts
FNF:0
FNH:0
DA:1,3
DA:15,3
DA:32,3
LF:3
LH:3
BRF:0
BRH:0
end_of_record
TN:
SF:src\models\Payment.ts
FNF:0
FNH:0
DA:2,3
DA:16,3
DA:26,3
DA:27,3
LF:4
LH:4
BRF:0
BRH:0
end_of_record
TN:
SF:src\models\Ticket.ts
FNF:0
FNH:0
DA:1,2
DA:11,2
DA:22,2
DA:23,2
LF:4
LH:4
BRF:0
BRH:0
end_of_record
TN:
SF:src\models\User.ts
FNF:0
FNH:0
DA:1,3
DA:17,3
DA:38,3
DA:39,3
LF:4
LH:4
BRF:0
BRH:0
end_of_record
TN:
SF:src\utils\apiResource.ts
FN:1,(anonymous_0)
FNF:1
FNH:1
FNDA:59,(anonymous_0)
DA:1,7
DA:7,59
DA:15,7
LF:3
LH:3
BRDA:4,0,0,1
BRDA:5,1,0,5
BRF:2
BRH:2
end_of_record
TN:
SF:src\utils\midtranst.ts
FNF:0
FNH:0
DA:1,1
DA:3,1
DA:4,1
DA:6,1
DA:12,1
LF:5
LH:5
BRF:0
BRH:0
end_of_record
